<?xml version="1.0" encoding="UTF-8"?>
<!-- Generated by org.testng.reporters.JUnitReportReporter -->
<testsuite hostname="DESKTOP-GFKKN7N" failures="0" tests="31" name="com.easyserv.testcases.Motoserve.ResetPasswordTest" time="0.000" errors="0" timestamp="2024-08-22T10:04:04 ICT" skipped="31">
  <testcase classname="com.easyserv.testcases.Motoserve.ResetPasswordTest" name="ResetPasswordTest_TC001" time="0.000">
    <skipped/>
  </testcase> <!-- ResetPasswordTest_TC001 -->
  <system-out/>
  <testcase classname="com.easyserv.testcases.Motoserve.ResetPasswordTest" name="ResetPasswordTest_TC002" time="0.000">
    <skipped/>
  </testcase> <!-- ResetPasswordTest_TC002 -->
  <system-out/>
  <testcase classname="com.easyserv.testcases.Motoserve.ResetPasswordTest" name="ResetPasswordTest_TC003" time="0.000">
    <skipped/>
  </testcase> <!-- ResetPasswordTest_TC003 -->
  <system-out/>
  <testcase classname="com.easyserv.testcases.Motoserve.ResetPasswordTest" name="ResetPasswordTest_TC004" time="0.000">
    <skipped/>
  </testcase> <!-- ResetPasswordTest_TC004 -->
  <system-out/>
  <testcase classname="com.easyserv.testcases.Motoserve.ResetPasswordTest" name="ResetPasswordTest_TC005" time="0.000">
    <skipped/>
  </testcase> <!-- ResetPasswordTest_TC005 -->
  <system-out/>
  <testcase classname="com.easyserv.testcases.Motoserve.ResetPasswordTest" name="ResetPasswordTest_TC006" time="0.000">
    <skipped/>
  </testcase> <!-- ResetPasswordTest_TC006 -->
  <system-out/>
  <testcase classname="com.easyserv.testcases.Motoserve.ResetPasswordTest" name="ResetPasswordTest_TC007" time="0.000">
    <skipped/>
  </testcase> <!-- ResetPasswordTest_TC007 -->
  <system-out/>
  <testcase classname="com.easyserv.testcases.Motoserve.ResetPasswordTest" name="ResetPasswordTest_TC008" time="0.000">
    <skipped/>
  </testcase> <!-- ResetPasswordTest_TC008 -->
  <system-out/>
  <testcase classname="com.easyserv.testcases.Motoserve.ResetPasswordTest" name="ResetPasswordTest_TC009" time="0.000">
    <skipped/>
  </testcase> <!-- ResetPasswordTest_TC009 -->
  <system-out/>
  <testcase classname="com.easyserv.testcases.Motoserve.ResetPasswordTest" name="ResetPasswordTest_TC010" time="0.000">
    <skipped/>
  </testcase> <!-- ResetPasswordTest_TC010 -->
  <system-out/>
  <testcase classname="com.easyserv.testcases.Motoserve.ResetPasswordTest" name="ResetPasswordTest_TC011" time="0.000">
    <skipped/>
  </testcase> <!-- ResetPasswordTest_TC011 -->
  <system-out/>
  <testcase classname="com.easyserv.testcases.Motoserve.ResetPasswordTest" name="ResetPasswordTest_TC012" time="0.000">
    <skipped/>
  </testcase> <!-- ResetPasswordTest_TC012 -->
  <system-out/>
  <testcase classname="com.easyserv.testcases.Motoserve.ResetPasswordTest" name="ResetPasswordTest_TC013" time="0.000">
    <skipped/>
  </testcase> <!-- ResetPasswordTest_TC013 -->
  <system-out/>
  <testcase classname="com.easyserv.testcases.Motoserve.ResetPasswordTest" name="ResetPasswordTest_TC014" time="0.000">
    <skipped/>
  </testcase> <!-- ResetPasswordTest_TC014 -->
  <system-out/>
  <testcase classname="com.easyserv.testcases.Motoserve.ResetPasswordTest" name="ResetPasswordTest_TC015" time="0.000">
    <skipped/>
  </testcase> <!-- ResetPasswordTest_TC015 -->
  <system-out/>
  <testcase classname="com.easyserv.testcases.Motoserve.ResetPasswordTest" name="ResetPasswordTest_TC015" time="0.000">
    <skipped/>
  </testcase> <!-- ResetPasswordTest_TC015 -->
  <system-out/>
  <testcase classname="com.easyserv.testcases.Motoserve.ResetPasswordTest" name="ResetPasswordTest_TC015" time="0.000">
    <skipped/>
  </testcase> <!-- ResetPasswordTest_TC015 -->
  <system-out/>
  <testcase classname="com.easyserv.testcases.Motoserve.ResetPasswordTest" name="ResetPasswordTest_TC015" time="0.000">
    <skipped/>
  </testcase> <!-- ResetPasswordTest_TC015 -->
  <system-out/>
  <testcase classname="com.easyserv.testcases.Motoserve.ResetPasswordTest" name="ResetPasswordTest_TC016" time="0.000">
    <skipped/>
  </testcase> <!-- ResetPasswordTest_TC016 -->
  <system-out/>
  <testcase classname="com.easyserv.testcases.Motoserve.ResetPasswordTest" name="ResetPasswordTest_TC017" time="0.000">
    <skipped/>
  </testcase> <!-- ResetPasswordTest_TC017 -->
  <system-out/>
  <testcase classname="com.easyserv.testcases.Motoserve.ResetPasswordTest" name="ResetPasswordTest_TC018" time="0.000">
    <skipped/>
  </testcase> <!-- ResetPasswordTest_TC018 -->
  <system-out/>
  <testcase classname="com.easyserv.testcases.Motoserve.ResetPasswordTest" name="ResetPasswordTest_TC018" time="0.000">
    <skipped/>
  </testcase> <!-- ResetPasswordTest_TC018 -->
  <system-out/>
  <testcase classname="com.easyserv.testcases.Motoserve.ResetPasswordTest" name="ResetPasswordTest_TC018" time="0.000">
    <skipped/>
  </testcase> <!-- ResetPasswordTest_TC018 -->
  <system-out/>
  <testcase classname="com.easyserv.testcases.Motoserve.ResetPasswordTest" name="ResetPasswordTest_TC018" time="0.000">
    <skipped/>
  </testcase> <!-- ResetPasswordTest_TC018 -->
  <system-out/>
  <testcase classname="com.easyserv.testcases.Motoserve.ResetPasswordTest" name="ResetPasswordTest_TC019" time="0.000">
    <skipped/>
  </testcase> <!-- ResetPasswordTest_TC019 -->
  <system-out/>
  <testcase classname="com.easyserv.testcases.Motoserve.ResetPasswordTest" name="ResetPasswordTest_TC020" time="0.000">
    <skipped/>
  </testcase> <!-- ResetPasswordTest_TC020 -->
  <system-out/>
  <testcase classname="com.easyserv.testcases.Motoserve.ResetPasswordTest" name="ResetPasswordTest_TC021" time="0.000">
    <skipped/>
  </testcase> <!-- ResetPasswordTest_TC021 -->
  <system-out/>
  <testcase classname="com.easyserv.testcases.Motoserve.ResetPasswordTest" name="ResetPasswordTest_TC022" time="0.000">
    <skipped/>
  </testcase> <!-- ResetPasswordTest_TC022 -->
  <system-out/>
  <testcase classname="com.easyserv.testcases.Motoserve.ResetPasswordTest" name="ResetPasswordTest_TC023" time="0.000">
    <skipped/>
  </testcase> <!-- ResetPasswordTest_TC023 -->
  <system-out/>
  <testcase classname="com.easyserv.testcases.Motoserve.ResetPasswordTest" name="ResetPasswordTest_TC024" time="0.000">
    <skipped/>
  </testcase> <!-- ResetPasswordTest_TC024 -->
  <system-out/>
  <testcase classname="com.easyserv.testcases.Motoserve.ResetPasswordTest" name="ResetPasswordTest_TC025" time="0.000">
    <skipped/>
  </testcase> <!-- ResetPasswordTest_TC025 -->
  <system-out/>
</testsuite> <!-- com.easyserv.testcases.Motoserve.ResetPasswordTest -->
