<?xml version="1.0" encoding="UTF-8"?>
<!-- Generated by org.testng.reporters.JUnitReportReporter -->
<testsuite hostname="DESKTOP-GFKKN7N" failures="0" tests="19" name="com.easyserv.testcases.Motoserve.SelectPackageTest" time="0.000" errors="0" timestamp="2024-08-22T10:04:04 ICT" skipped="19">
  <testcase classname="com.easyserv.testcases.Motoserve.SelectPackageTest" name="SelectPackagePages_TC001" time="0.000">
    <skipped/>
  </testcase> <!-- SelectPackagePages_TC001 -->
  <system-out/>
  <testcase classname="com.easyserv.testcases.Motoserve.SelectPackageTest" name="SelectPackagePages_TC002" time="0.000">
    <skipped/>
  </testcase> <!-- SelectPackagePages_TC002 -->
  <system-out/>
  <testcase classname="com.easyserv.testcases.Motoserve.SelectPackageTest" name="SelectPackagePages_TC003" time="0.000">
    <skipped/>
  </testcase> <!-- SelectPackagePages_TC003 -->
  <system-out/>
  <testcase classname="com.easyserv.testcases.Motoserve.SelectPackageTest" name="SelectPackagePages_TC004_1" time="0.000">
    <skipped/>
  </testcase> <!-- SelectPackagePages_TC004_1 -->
  <system-out/>
  <testcase classname="com.easyserv.testcases.Motoserve.SelectPackageTest" name="SelectPackagePages_TC004_2" time="0.000">
    <skipped/>
  </testcase> <!-- SelectPackagePages_TC004_2 -->
  <system-out/>
  <testcase classname="com.easyserv.testcases.Motoserve.SelectPackageTest" name="SelectPackagePages_TC004_3" time="0.000">
    <skipped/>
  </testcase> <!-- SelectPackagePages_TC004_3 -->
  <system-out/>
  <testcase classname="com.easyserv.testcases.Motoserve.SelectPackageTest" name="SelectPackagePages_TC004_4" time="0.000">
    <skipped/>
  </testcase> <!-- SelectPackagePages_TC004_4 -->
  <system-out/>
  <testcase classname="com.easyserv.testcases.Motoserve.SelectPackageTest" name="SelectPackagePages_TC005" time="0.000">
    <skipped/>
  </testcase> <!-- SelectPackagePages_TC005 -->
  <system-out/>
  <testcase classname="com.easyserv.testcases.Motoserve.SelectPackageTest" name="SelectPackagePages_TC006" time="0.000">
    <skipped/>
  </testcase> <!-- SelectPackagePages_TC006 -->
  <system-out/>
  <testcase classname="com.easyserv.testcases.Motoserve.SelectPackageTest" name="SelectPackagePages_TC007_1" time="0.000">
    <skipped/>
  </testcase> <!-- SelectPackagePages_TC007_1 -->
  <system-out/>
  <testcase classname="com.easyserv.testcases.Motoserve.SelectPackageTest" name="SelectPackagePages_TC007_2" time="0.000">
    <skipped/>
  </testcase> <!-- SelectPackagePages_TC007_2 -->
  <system-out/>
  <testcase classname="com.easyserv.testcases.Motoserve.SelectPackageTest" name="SelectPackagePages_TC007_3" time="0.000">
    <skipped/>
  </testcase> <!-- SelectPackagePages_TC007_3 -->
  <system-out/>
  <testcase classname="com.easyserv.testcases.Motoserve.SelectPackageTest" name="SelectPackagePages_TC007_4" time="0.000">
    <skipped/>
  </testcase> <!-- SelectPackagePages_TC007_4 -->
  <system-out/>
  <testcase classname="com.easyserv.testcases.Motoserve.SelectPackageTest" name="SelectPackagePages_TC008" time="0.000">
    <skipped/>
  </testcase> <!-- SelectPackagePages_TC008 -->
  <system-out/>
  <testcase classname="com.easyserv.testcases.Motoserve.SelectPackageTest" name="SelectPackagePages_TC009" time="0.000">
    <skipped/>
  </testcase> <!-- SelectPackagePages_TC009 -->
  <system-out/>
  <testcase classname="com.easyserv.testcases.Motoserve.SelectPackageTest" name="SelectPackagePages_TC010" time="0.000">
    <skipped/>
  </testcase> <!-- SelectPackagePages_TC010 -->
  <system-out/>
  <testcase classname="com.easyserv.testcases.Motoserve.SelectPackageTest" name="SelectPackagePages_TC011" time="0.000">
    <skipped/>
  </testcase> <!-- SelectPackagePages_TC011 -->
  <system-out/>
  <testcase classname="com.easyserv.testcases.Motoserve.SelectPackageTest" name="SelectPackagePages_TC012" time="0.000">
    <skipped/>
  </testcase> <!-- SelectPackagePages_TC012 -->
  <system-out/>
  <testcase classname="com.easyserv.testcases.Motoserve.SelectPackageTest" name="SelectPackagePages_TC013" time="0.000">
    <skipped/>
  </testcase> <!-- SelectPackagePages_TC013 -->
  <system-out/>
</testsuite> <!-- com.easyserv.testcases.Motoserve.SelectPackageTest -->
