<?xml version="1.0" encoding="UTF-8"?>
<!-- Generated by org.testng.reporters.JUnitReportReporter -->
<testsuite hostname="DESKTOP-GFKKN7N" failures="0" tests="35" name="com.easyserv.testcases.EasyEngine.AccountSettingTest" time="0.000" errors="0" timestamp="2024-08-22T10:04:04 ICT" skipped="35">
  <testcase classname="com.easyserv.testcases.EasyEngine.AccountSettingTest" name="AccountSettingTest_TC001" time="0.000">
    <skipped/>
  </testcase> <!-- AccountSettingTest_TC001 -->
  <system-out/>
  <testcase classname="com.easyserv.testcases.EasyEngine.AccountSettingTest" name="AccountSettingTest_TC002" time="0.000">
    <skipped/>
  </testcase> <!-- AccountSettingTest_TC002 -->
  <system-out/>
  <testcase classname="com.easyserv.testcases.EasyEngine.AccountSettingTest" name="AccountSettingTest_TC003" time="0.000">
    <skipped/>
  </testcase> <!-- AccountSettingTest_TC003 -->
  <system-out/>
  <testcase classname="com.easyserv.testcases.EasyEngine.AccountSettingTest" name="AccountSettingTest_TC004" time="0.000">
    <skipped/>
  </testcase> <!-- AccountSettingTest_TC004 -->
  <system-out/>
  <testcase classname="com.easyserv.testcases.EasyEngine.AccountSettingTest" name="AccountSettingTest_TC005" time="0.000">
    <skipped/>
  </testcase> <!-- AccountSettingTest_TC005 -->
  <system-out/>
  <testcase classname="com.easyserv.testcases.EasyEngine.AccountSettingTest" name="AccountSettingTest_TC006" time="0.000">
    <skipped/>
  </testcase> <!-- AccountSettingTest_TC006 -->
  <system-out/>
  <testcase classname="com.easyserv.testcases.EasyEngine.AccountSettingTest" name="AccountSettingTest_TC007" time="0.000">
    <skipped/>
  </testcase> <!-- AccountSettingTest_TC007 -->
  <system-out/>
  <testcase classname="com.easyserv.testcases.EasyEngine.AccountSettingTest" name="AccountSettingTest_TC008" time="0.000">
    <skipped/>
  </testcase> <!-- AccountSettingTest_TC008 -->
  <system-out/>
  <testcase classname="com.easyserv.testcases.EasyEngine.AccountSettingTest" name="AccountSettingTest_TC009" time="0.000">
    <skipped/>
  </testcase> <!-- AccountSettingTest_TC009 -->
  <system-out/>
  <testcase classname="com.easyserv.testcases.EasyEngine.AccountSettingTest" name="AccountSettingTest_TC010" time="0.000">
    <skipped/>
  </testcase> <!-- AccountSettingTest_TC010 -->
  <system-out/>
  <testcase classname="com.easyserv.testcases.EasyEngine.AccountSettingTest" name="AccountSettingTest_TC011" time="0.000">
    <skipped/>
  </testcase> <!-- AccountSettingTest_TC011 -->
  <system-out/>
  <testcase classname="com.easyserv.testcases.EasyEngine.AccountSettingTest" name="AccountSettingTest_TC012" time="0.000">
    <skipped/>
  </testcase> <!-- AccountSettingTest_TC012 -->
  <system-out/>
  <testcase classname="com.easyserv.testcases.EasyEngine.AccountSettingTest" name="AccountSettingTest_TC013" time="0.000">
    <skipped/>
  </testcase> <!-- AccountSettingTest_TC013 -->
  <system-out/>
  <testcase classname="com.easyserv.testcases.EasyEngine.AccountSettingTest" name="AccountSettingTest_TC014" time="0.000">
    <skipped/>
  </testcase> <!-- AccountSettingTest_TC014 -->
  <system-out/>
  <testcase classname="com.easyserv.testcases.EasyEngine.AccountSettingTest" name="AccountSettingTest_TC015" time="0.000">
    <skipped/>
  </testcase> <!-- AccountSettingTest_TC015 -->
  <system-out/>
  <testcase classname="com.easyserv.testcases.EasyEngine.AccountSettingTest" name="AccountSettingTest_TC016" time="0.000">
    <skipped/>
  </testcase> <!-- AccountSettingTest_TC016 -->
  <system-out/>
  <testcase classname="com.easyserv.testcases.EasyEngine.AccountSettingTest" name="AccountSettingTest_TC017" time="0.000">
    <skipped/>
  </testcase> <!-- AccountSettingTest_TC017 -->
  <system-out/>
  <testcase classname="com.easyserv.testcases.EasyEngine.AccountSettingTest" name="AccountSettingTest_TC018" time="0.000">
    <skipped/>
  </testcase> <!-- AccountSettingTest_TC018 -->
  <system-out/>
  <testcase classname="com.easyserv.testcases.EasyEngine.AccountSettingTest" name="AccountSettingTest_TC018" time="0.000">
    <skipped/>
  </testcase> <!-- AccountSettingTest_TC018 -->
  <system-out/>
  <testcase classname="com.easyserv.testcases.EasyEngine.AccountSettingTest" name="AccountSettingTest_TC018" time="0.000">
    <skipped/>
  </testcase> <!-- AccountSettingTest_TC018 -->
  <system-out/>
  <testcase classname="com.easyserv.testcases.EasyEngine.AccountSettingTest" name="AccountSettingTest_TC018" time="0.000">
    <skipped/>
  </testcase> <!-- AccountSettingTest_TC018 -->
  <system-out/>
  <testcase classname="com.easyserv.testcases.EasyEngine.AccountSettingTest" name="AccountSettingTest_TC019" time="0.000">
    <skipped/>
  </testcase> <!-- AccountSettingTest_TC019 -->
  <system-out/>
  <testcase classname="com.easyserv.testcases.EasyEngine.AccountSettingTest" name="AccountSettingTest_TC019" time="0.000">
    <skipped/>
  </testcase> <!-- AccountSettingTest_TC019 -->
  <system-out/>
  <testcase classname="com.easyserv.testcases.EasyEngine.AccountSettingTest" name="AccountSettingTest_TC019" time="0.000">
    <skipped/>
  </testcase> <!-- AccountSettingTest_TC019 -->
  <system-out/>
  <testcase classname="com.easyserv.testcases.EasyEngine.AccountSettingTest" name="AccountSettingTest_TC019" time="0.000">
    <skipped/>
  </testcase> <!-- AccountSettingTest_TC019 -->
  <system-out/>
  <testcase classname="com.easyserv.testcases.EasyEngine.AccountSettingTest" name="AccountSettingTest_TC020" time="0.000">
    <skipped/>
  </testcase> <!-- AccountSettingTest_TC020 -->
  <system-out/>
  <testcase classname="com.easyserv.testcases.EasyEngine.AccountSettingTest" name="AccountSettingTest_TC020" time="0.000">
    <skipped/>
  </testcase> <!-- AccountSettingTest_TC020 -->
  <system-out/>
  <testcase classname="com.easyserv.testcases.EasyEngine.AccountSettingTest" name="AccountSettingTest_TC020" time="0.000">
    <skipped/>
  </testcase> <!-- AccountSettingTest_TC020 -->
  <system-out/>
  <testcase classname="com.easyserv.testcases.EasyEngine.AccountSettingTest" name="AccountSettingTest_TC020" time="0.000">
    <skipped/>
  </testcase> <!-- AccountSettingTest_TC020 -->
  <system-out/>
  <testcase classname="com.easyserv.testcases.EasyEngine.AccountSettingTest" name="AccountSettingTest_TC021" time="0.000">
    <skipped/>
  </testcase> <!-- AccountSettingTest_TC021 -->
  <system-out/>
  <testcase classname="com.easyserv.testcases.EasyEngine.AccountSettingTest" name="AccountSettingTest_TC022" time="0.000">
    <skipped/>
  </testcase> <!-- AccountSettingTest_TC022 -->
  <system-out/>
  <testcase classname="com.easyserv.testcases.EasyEngine.AccountSettingTest" name="AccountSettingTest_TC023" time="0.000">
    <skipped/>
  </testcase> <!-- AccountSettingTest_TC023 -->
  <system-out/>
  <testcase classname="com.easyserv.testcases.EasyEngine.AccountSettingTest" name="AccountSettingTest_TC024" time="0.000">
    <skipped/>
  </testcase> <!-- AccountSettingTest_TC024 -->
  <system-out/>
  <testcase classname="com.easyserv.testcases.EasyEngine.AccountSettingTest" name="AccountSettingTest_TC025" time="0.000">
    <skipped/>
  </testcase> <!-- AccountSettingTest_TC025 -->
  <system-out/>
  <testcase classname="com.easyserv.testcases.EasyEngine.AccountSettingTest" name="AccountSettingTest_TC026" time="0.000">
    <skipped/>
  </testcase> <!-- AccountSettingTest_TC026 -->
  <system-out/>
</testsuite> <!-- com.easyserv.testcases.EasyEngine.AccountSettingTest -->
