<?xml version="1.0" encoding="UTF-8"?>
<!-- Generated by org.testng.reporters.JUnitReportReporter -->
<testsuite hostname="DESKTOP-GFKKN7N" failures="0" tests="10" name="com.easyserv.testcases.Admin.CustomerBookingTest" time="0.000" errors="0" timestamp="2024-08-22T10:04:04 ICT" skipped="10">
  <testcase classname="com.easyserv.testcases.Admin.CustomerBookingTest" name="CustomerBookings_TC001" time="0.000">
    <skipped/>
  </testcase> <!-- CustomerBookings_TC001 -->
  <system-out/>
  <testcase classname="com.easyserv.testcases.Admin.CustomerBookingTest" name="CustomerBookings_TC002" time="0.000">
    <skipped/>
  </testcase> <!-- CustomerBookings_TC002 -->
  <system-out/>
  <testcase classname="com.easyserv.testcases.Admin.CustomerBookingTest" name="CustomerBookings_TC003" time="0.000">
    <skipped/>
  </testcase> <!-- CustomerBookings_TC003 -->
  <system-out/>
  <testcase classname="com.easyserv.testcases.Admin.CustomerBookingTest" name="CustomerBookings_TC004" time="0.000">
    <skipped/>
  </testcase> <!-- CustomerBookings_TC004 -->
  <system-out/>
  <testcase classname="com.easyserv.testcases.Admin.CustomerBookingTest" name="CustomerBookings_TC005" time="0.000">
    <skipped/>
  </testcase> <!-- CustomerBookings_TC005 -->
  <system-out/>
  <testcase classname="com.easyserv.testcases.Admin.CustomerBookingTest" name="CustomerBookings_TC006" time="0.000">
    <skipped/>
  </testcase> <!-- CustomerBookings_TC006 -->
  <system-out/>
  <testcase classname="com.easyserv.testcases.Admin.CustomerBookingTest" name="CustomerBookings_TC007" time="0.000">
    <skipped/>
  </testcase> <!-- CustomerBookings_TC007 -->
  <system-out/>
  <testcase classname="com.easyserv.testcases.Admin.CustomerBookingTest" name="CustomerBookings_TC008" time="0.000">
    <skipped/>
  </testcase> <!-- CustomerBookings_TC008 -->
  <system-out/>
  <testcase classname="com.easyserv.testcases.Admin.CustomerBookingTest" name="CustomerBookings_TC009" time="0.000">
    <skipped/>
  </testcase> <!-- CustomerBookings_TC009 -->
  <system-out/>
  <testcase classname="com.easyserv.testcases.Admin.CustomerBookingTest" name="CustomerBookings_TC010" time="0.000">
    <skipped/>
  </testcase> <!-- CustomerBookings_TC010 -->
  <system-out/>
</testsuite> <!-- com.easyserv.testcases.Admin.CustomerBookingTest -->
