<?xml version="1.0" encoding="UTF-8"?>
<!-- Generated by org.testng.reporters.JUnitReportReporter -->
<testsuite hostname="DESKTOP-GFKKN7N" failures="0" tests="33" name="com.easyserv.testcases.Admin.BeaconsTest" time="0.000" errors="0" timestamp="2024-08-22T10:04:04 ICT" skipped="33">
  <testcase classname="com.easyserv.testcases.Admin.BeaconsTest" name="BeaconsTest_TC001" time="0.000">
    <skipped/>
  </testcase> <!-- BeaconsTest_TC001 -->
  <system-out/>
  <testcase classname="com.easyserv.testcases.Admin.BeaconsTest" name="BeaconsTest_TC002" time="0.000">
    <skipped/>
  </testcase> <!-- BeaconsTest_TC002 -->
  <system-out/>
  <testcase classname="com.easyserv.testcases.Admin.BeaconsTest" name="BeaconsTest_TC003" time="0.000">
    <skipped/>
  </testcase> <!-- BeaconsTest_TC003 -->
  <system-out/>
  <testcase classname="com.easyserv.testcases.Admin.BeaconsTest" name="BeaconsTest_TC004" time="0.000">
    <skipped/>
  </testcase> <!-- BeaconsTest_TC004 -->
  <system-out/>
  <testcase classname="com.easyserv.testcases.Admin.BeaconsTest" name="BeaconsTest_TC005" time="0.000">
    <skipped/>
  </testcase> <!-- BeaconsTest_TC005 -->
  <system-out/>
  <testcase classname="com.easyserv.testcases.Admin.BeaconsTest" name="BeaconsTest_TC006_1" time="0.000">
    <skipped/>
  </testcase> <!-- BeaconsTest_TC006_1 -->
  <system-out/>
  <testcase classname="com.easyserv.testcases.Admin.BeaconsTest" name="BeaconsTest_TC006_2" time="0.000">
    <skipped/>
  </testcase> <!-- BeaconsTest_TC006_2 -->
  <system-out/>
  <testcase classname="com.easyserv.testcases.Admin.BeaconsTest" name="BeaconsTest_TC007_1" time="0.000">
    <skipped/>
  </testcase> <!-- BeaconsTest_TC007_1 -->
  <system-out/>
  <testcase classname="com.easyserv.testcases.Admin.BeaconsTest" name="BeaconsTest_TC007_2" time="0.000">
    <skipped/>
  </testcase> <!-- BeaconsTest_TC007_2 -->
  <system-out/>
  <testcase classname="com.easyserv.testcases.Admin.BeaconsTest" name="BeaconsTest_TC008" time="0.000">
    <skipped/>
  </testcase> <!-- BeaconsTest_TC008 -->
  <system-out/>
  <testcase classname="com.easyserv.testcases.Admin.BeaconsTest" name="BeaconsTest_TC009_1" time="0.000">
    <skipped/>
  </testcase> <!-- BeaconsTest_TC009_1 -->
  <system-out/>
  <testcase classname="com.easyserv.testcases.Admin.BeaconsTest" name="BeaconsTest_TC009_2" time="0.000">
    <skipped/>
  </testcase> <!-- BeaconsTest_TC009_2 -->
  <system-out/>
  <testcase classname="com.easyserv.testcases.Admin.BeaconsTest" name="BeaconsTest_TC010" time="0.000">
    <skipped/>
  </testcase> <!-- BeaconsTest_TC010 -->
  <system-out/>
  <testcase classname="com.easyserv.testcases.Admin.BeaconsTest" name="BeaconsTest_TC011" time="0.000">
    <skipped/>
  </testcase> <!-- BeaconsTest_TC011 -->
  <system-out/>
  <testcase classname="com.easyserv.testcases.Admin.BeaconsTest" name="BeaconsTest_TC012" time="0.000">
    <skipped/>
  </testcase> <!-- BeaconsTest_TC012 -->
  <system-out/>
  <testcase classname="com.easyserv.testcases.Admin.BeaconsTest" name="BeaconsTest_TC013" time="0.000">
    <skipped/>
  </testcase> <!-- BeaconsTest_TC013 -->
  <system-out/>
  <testcase classname="com.easyserv.testcases.Admin.BeaconsTest" name="BeaconsTest_TC014" time="0.000">
    <skipped/>
  </testcase> <!-- BeaconsTest_TC014 -->
  <system-out/>
  <testcase classname="com.easyserv.testcases.Admin.BeaconsTest" name="BeaconsTest_TC015" time="0.000">
    <skipped/>
  </testcase> <!-- BeaconsTest_TC015 -->
  <system-out/>
  <testcase classname="com.easyserv.testcases.Admin.BeaconsTest" name="BeaconsTest_TC016" time="0.000">
    <skipped/>
  </testcase> <!-- BeaconsTest_TC016 -->
  <system-out/>
  <testcase classname="com.easyserv.testcases.Admin.BeaconsTest" name="BeaconsTest_TC017" time="0.000">
    <skipped/>
  </testcase> <!-- BeaconsTest_TC017 -->
  <system-out/>
  <testcase classname="com.easyserv.testcases.Admin.BeaconsTest" name="BeaconsTest_TC018" time="0.000">
    <skipped/>
  </testcase> <!-- BeaconsTest_TC018 -->
  <system-out/>
  <testcase classname="com.easyserv.testcases.Admin.BeaconsTest" name="BeaconsTest_TC019" time="0.000">
    <skipped/>
  </testcase> <!-- BeaconsTest_TC019 -->
  <system-out/>
  <testcase classname="com.easyserv.testcases.Admin.BeaconsTest" name="BeaconsTest_TC020" time="0.000">
    <skipped/>
  </testcase> <!-- BeaconsTest_TC020 -->
  <system-out/>
  <testcase classname="com.easyserv.testcases.Admin.BeaconsTest" name="BeaconsTest_TC021" time="0.000">
    <skipped/>
  </testcase> <!-- BeaconsTest_TC021 -->
  <system-out/>
  <testcase classname="com.easyserv.testcases.Admin.BeaconsTest" name="BeaconsTest_TC022" time="0.000">
    <skipped/>
  </testcase> <!-- BeaconsTest_TC022 -->
  <system-out/>
  <testcase classname="com.easyserv.testcases.Admin.BeaconsTest" name="BeaconsTest_TC023" time="0.000">
    <skipped/>
  </testcase> <!-- BeaconsTest_TC023 -->
  <system-out/>
  <testcase classname="com.easyserv.testcases.Admin.BeaconsTest" name="BeaconsTest_TC024_1" time="0.000">
    <skipped/>
  </testcase> <!-- BeaconsTest_TC024_1 -->
  <system-out/>
  <testcase classname="com.easyserv.testcases.Admin.BeaconsTest" name="BeaconsTest_TC024_2" time="0.000">
    <skipped/>
  </testcase> <!-- BeaconsTest_TC024_2 -->
  <system-out/>
  <testcase classname="com.easyserv.testcases.Admin.BeaconsTest" name="BeaconsTest_TC025" time="0.000">
    <skipped/>
  </testcase> <!-- BeaconsTest_TC025 -->
  <system-out/>
  <testcase classname="com.easyserv.testcases.Admin.BeaconsTest" name="BeaconsTest_TC026" time="0.000">
    <skipped/>
  </testcase> <!-- BeaconsTest_TC026 -->
  <system-out/>
  <testcase classname="com.easyserv.testcases.Admin.BeaconsTest" name="BeaconsTest_TC027" time="0.000">
    <skipped/>
  </testcase> <!-- BeaconsTest_TC027 -->
  <system-out/>
  <testcase classname="com.easyserv.testcases.Admin.BeaconsTest" name="BeaconsTest_TC028" time="0.000">
    <skipped/>
  </testcase> <!-- BeaconsTest_TC028 -->
  <system-out/>
  <testcase classname="com.easyserv.testcases.Admin.BeaconsTest" name="BeaconsTest_TC029" time="0.000">
    <skipped/>
  </testcase> <!-- BeaconsTest_TC029 -->
  <system-out/>
</testsuite> <!-- com.easyserv.testcases.Admin.BeaconsTest -->
