<?xml version="1.0" encoding="UTF-8"?>
<!-- Generated by org.testng.reporters.JUnitReportReporter -->
<testsuite hostname="DESKTOP-GFKKN7N" failures="0" tests="35" name="com.easyserv.testcases.BookingService.BookServiceHomeTest" time="0.000" errors="0" timestamp="2024-08-22T10:04:04 ICT" skipped="35">
  <testcase classname="com.easyserv.testcases.BookingService.BookServiceHomeTest" name="BookingServiceHomeTest_TC001" time="0.000">
    <skipped/>
  </testcase> <!-- BookingServiceHomeTest_TC001 -->
  <system-out/>
  <testcase classname="com.easyserv.testcases.BookingService.BookServiceHomeTest" name="BookingServiceHomeTest_TC002" time="0.000">
    <skipped/>
  </testcase> <!-- BookingServiceHomeTest_TC002 -->
  <system-out/>
  <testcase classname="com.easyserv.testcases.BookingService.BookServiceHomeTest" name="BookingServiceHomeTest_TC003" time="0.000">
    <skipped/>
  </testcase> <!-- BookingServiceHomeTest_TC003 -->
  <system-out/>
  <testcase classname="com.easyserv.testcases.BookingService.BookServiceHomeTest" name="BookingServiceHomeTest_TC004" time="0.000">
    <skipped/>
  </testcase> <!-- BookingServiceHomeTest_TC004 -->
  <system-out/>
  <testcase classname="com.easyserv.testcases.BookingService.BookServiceHomeTest" name="BookingServiceHomeTest_TC005" time="0.000">
    <skipped/>
  </testcase> <!-- BookingServiceHomeTest_TC005 -->
  <system-out/>
  <testcase classname="com.easyserv.testcases.BookingService.BookServiceHomeTest" name="BookingServiceHomeTest_TC006" time="0.000">
    <skipped/>
  </testcase> <!-- BookingServiceHomeTest_TC006 -->
  <system-out/>
  <testcase classname="com.easyserv.testcases.BookingService.BookServiceHomeTest" name="BookingServiceHomeTest_TC007" time="0.000">
    <skipped/>
  </testcase> <!-- BookingServiceHomeTest_TC007 -->
  <system-out/>
  <testcase classname="com.easyserv.testcases.BookingService.BookServiceHomeTest" name="BookingServiceHomeTest_TC008" time="0.000">
    <skipped/>
  </testcase> <!-- BookingServiceHomeTest_TC008 -->
  <system-out/>
  <testcase classname="com.easyserv.testcases.BookingService.BookServiceHomeTest" name="BookingServiceHomeTest_TC009" time="0.000">
    <skipped/>
  </testcase> <!-- BookingServiceHomeTest_TC009 -->
  <system-out/>
  <testcase classname="com.easyserv.testcases.BookingService.BookServiceHomeTest" name="BookingServiceHomeTest_TC010" time="0.000">
    <skipped/>
  </testcase> <!-- BookingServiceHomeTest_TC010 -->
  <system-out/>
  <testcase classname="com.easyserv.testcases.BookingService.BookServiceHomeTest" name="BookingServiceHomeTest_TC011" time="0.000">
    <skipped/>
  </testcase> <!-- BookingServiceHomeTest_TC011 -->
  <system-out/>
  <testcase classname="com.easyserv.testcases.BookingService.BookServiceHomeTest" name="BookingServiceHomeTest_TC012" time="0.000">
    <skipped/>
  </testcase> <!-- BookingServiceHomeTest_TC012 -->
  <system-out/>
  <testcase classname="com.easyserv.testcases.BookingService.BookServiceHomeTest" name="BookingServiceHomeTest_TC013" time="0.000">
    <skipped/>
  </testcase> <!-- BookingServiceHomeTest_TC013 -->
  <system-out/>
  <testcase classname="com.easyserv.testcases.BookingService.BookServiceHomeTest" name="BookingServiceHomeTest_TC014" time="0.000">
    <skipped/>
  </testcase> <!-- BookingServiceHomeTest_TC014 -->
  <system-out/>
  <testcase classname="com.easyserv.testcases.BookingService.BookServiceHomeTest" name="BookingServiceHomeTest_TC015" time="0.000">
    <skipped/>
  </testcase> <!-- BookingServiceHomeTest_TC015 -->
  <system-out/>
  <testcase classname="com.easyserv.testcases.BookingService.BookServiceHomeTest" name="BookingServiceHomeTest_TC016" time="0.000">
    <skipped/>
  </testcase> <!-- BookingServiceHomeTest_TC016 -->
  <system-out/>
  <testcase classname="com.easyserv.testcases.BookingService.BookServiceHomeTest" name="BookingServiceHomeTest_TC017" time="0.000">
    <skipped/>
  </testcase> <!-- BookingServiceHomeTest_TC017 -->
  <system-out/>
  <testcase classname="com.easyserv.testcases.BookingService.BookServiceHomeTest" name="BookingServiceHomeTest_TC018" time="0.000">
    <skipped/>
  </testcase> <!-- BookingServiceHomeTest_TC018 -->
  <system-out/>
  <testcase classname="com.easyserv.testcases.BookingService.BookServiceHomeTest" name="BookingServiceHomeTest_TC019" time="0.000">
    <skipped/>
  </testcase> <!-- BookingServiceHomeTest_TC019 -->
  <system-out/>
  <testcase classname="com.easyserv.testcases.BookingService.BookServiceHomeTest" name="BookingServiceHomeTest_TC020" time="0.000">
    <skipped/>
  </testcase> <!-- BookingServiceHomeTest_TC020 -->
  <system-out/>
  <testcase classname="com.easyserv.testcases.BookingService.BookServiceHomeTest" name="BookingServiceHomeTest_TC021" time="0.000">
    <skipped/>
  </testcase> <!-- BookingServiceHomeTest_TC021 -->
  <system-out/>
  <testcase classname="com.easyserv.testcases.BookingService.BookServiceHomeTest" name="BookingServiceHomeTest_TC022" time="0.000">
    <skipped/>
  </testcase> <!-- BookingServiceHomeTest_TC022 -->
  <system-out/>
  <testcase classname="com.easyserv.testcases.BookingService.BookServiceHomeTest" name="BookingServiceHomeTest_TC023" time="0.000">
    <skipped/>
  </testcase> <!-- BookingServiceHomeTest_TC023 -->
  <system-out/>
  <testcase classname="com.easyserv.testcases.BookingService.BookServiceHomeTest" name="BookingServiceHomeTest_TC024" time="0.000">
    <skipped/>
  </testcase> <!-- BookingServiceHomeTest_TC024 -->
  <system-out/>
  <testcase classname="com.easyserv.testcases.BookingService.BookServiceHomeTest" name="BookingServiceHomeTest_TC025" time="0.000">
    <skipped/>
  </testcase> <!-- BookingServiceHomeTest_TC025 -->
  <system-out/>
  <testcase classname="com.easyserv.testcases.BookingService.BookServiceHomeTest" name="BookingServiceHomeTest_TC026" time="0.000">
    <skipped/>
  </testcase> <!-- BookingServiceHomeTest_TC026 -->
  <system-out/>
  <testcase classname="com.easyserv.testcases.BookingService.BookServiceHomeTest" name="BookingServiceHomeTest_TC027" time="0.000">
    <skipped/>
  </testcase> <!-- BookingServiceHomeTest_TC027 -->
  <system-out/>
  <testcase classname="com.easyserv.testcases.BookingService.BookServiceHomeTest" name="BookingServiceHomeTest_TC028" time="0.000">
    <skipped/>
  </testcase> <!-- BookingServiceHomeTest_TC028 -->
  <system-out/>
  <testcase classname="com.easyserv.testcases.BookingService.BookServiceHomeTest" name="BookingServiceHomeTest_TC029" time="0.000">
    <skipped/>
  </testcase> <!-- BookingServiceHomeTest_TC029 -->
  <system-out/>
  <testcase classname="com.easyserv.testcases.BookingService.BookServiceHomeTest" name="BookingServiceHomeTest_TC030" time="0.000">
    <skipped/>
  </testcase> <!-- BookingServiceHomeTest_TC030 -->
  <system-out/>
  <testcase classname="com.easyserv.testcases.BookingService.BookServiceHomeTest" name="BookingServiceHomeTest_TC031" time="0.000">
    <skipped/>
  </testcase> <!-- BookingServiceHomeTest_TC031 -->
  <system-out/>
  <testcase classname="com.easyserv.testcases.BookingService.BookServiceHomeTest" name="BookingServiceHomeTest_TC032" time="0.000">
    <skipped/>
  </testcase> <!-- BookingServiceHomeTest_TC032 -->
  <system-out/>
  <testcase classname="com.easyserv.testcases.BookingService.BookServiceHomeTest" name="BookingServiceHomeTest_TC033" time="0.000">
    <skipped/>
  </testcase> <!-- BookingServiceHomeTest_TC033 -->
  <system-out/>
  <testcase classname="com.easyserv.testcases.BookingService.BookServiceHomeTest" name="BookingServiceHomeTest_TC034" time="0.000">
    <skipped/>
  </testcase> <!-- BookingServiceHomeTest_TC034 -->
  <system-out/>
  <testcase classname="com.easyserv.testcases.BookingService.BookServiceHomeTest" name="BookingServiceHomeTest_TC035" time="0.000">
    <skipped/>
  </testcase> <!-- BookingServiceHomeTest_TC035 -->
  <system-out/>
</testsuite> <!-- com.easyserv.testcases.BookingService.BookServiceHomeTest -->
