<?xml version="1.0" encoding="UTF-8"?>
<!-- Generated by org.testng.reporters.JUnitReportReporter -->
<testsuite hostname="DESKTOP-GFKKN7N" failures="0" tests="11" name="com.easyserv.testcases.Admin.CustomerManaListTest" time="0.000" errors="0" timestamp="2024-08-22T10:04:04 ICT" skipped="11">
  <testcase classname="com.easyserv.testcases.Admin.CustomerManaListTest" name="CustomerList_TC001" time="0.000">
    <skipped/>
  </testcase> <!-- CustomerList_TC001 -->
  <system-out/>
  <testcase classname="com.easyserv.testcases.Admin.CustomerManaListTest" name="CustomerList_TC002" time="0.000">
    <skipped/>
  </testcase> <!-- CustomerList_TC002 -->
  <system-out/>
  <testcase classname="com.easyserv.testcases.Admin.CustomerManaListTest" name="CustomerList_TC003" time="0.000">
    <skipped/>
  </testcase> <!-- CustomerList_TC003 -->
  <system-out/>
  <testcase classname="com.easyserv.testcases.Admin.CustomerManaListTest" name="CustomerList_TC004" time="0.000">
    <skipped/>
  </testcase> <!-- CustomerList_TC004 -->
  <system-out/>
  <testcase classname="com.easyserv.testcases.Admin.CustomerManaListTest" name="CustomerList_TC005_1" time="0.000">
    <skipped/>
  </testcase> <!-- CustomerList_TC005_1 -->
  <system-out/>
  <testcase classname="com.easyserv.testcases.Admin.CustomerManaListTest" name="CustomerList_TC005_2" time="0.000">
    <skipped/>
  </testcase> <!-- CustomerList_TC005_2 -->
  <system-out/>
  <testcase classname="com.easyserv.testcases.Admin.CustomerManaListTest" name="CustomerList_TC006" time="0.000">
    <skipped/>
  </testcase> <!-- CustomerList_TC006 -->
  <system-out/>
  <testcase classname="com.easyserv.testcases.Admin.CustomerManaListTest" name="CustomerList_TC007" time="0.000">
    <skipped/>
  </testcase> <!-- CustomerList_TC007 -->
  <system-out/>
  <testcase classname="com.easyserv.testcases.Admin.CustomerManaListTest" name="CustomerList_TC008" time="0.000">
    <skipped/>
  </testcase> <!-- CustomerList_TC008 -->
  <system-out/>
  <testcase classname="com.easyserv.testcases.Admin.CustomerManaListTest" name="CustomerList_TC009" time="0.000">
    <skipped/>
  </testcase> <!-- CustomerList_TC009 -->
  <system-out/>
  <testcase classname="com.easyserv.testcases.Admin.CustomerManaListTest" name="CustomerList_TC010" time="0.000">
    <skipped/>
  </testcase> <!-- CustomerList_TC010 -->
  <system-out/>
</testsuite> <!-- com.easyserv.testcases.Admin.CustomerManaListTest -->
