<?xml version="1.0" encoding="UTF-8"?>
<!-- Generated by org.testng.reporters.JUnitReportReporter -->
<testsuite hostname="DESKTOP-GFKKN7N" failures="0" tests="24" name="com.easyserv.testcases.EasyEngine.LoginEngineTest" time="0.000" errors="0" timestamp="2024-08-22T10:04:04 ICT" skipped="24">
  <testcase classname="com.easyserv.testcases.EasyEngine.LoginEngineTest" name="LoginEngineTest_TC001" time="0.000">
    <skipped/>
  </testcase> <!-- LoginEngineTest_TC001 -->
  <system-out/>
  <testcase classname="com.easyserv.testcases.EasyEngine.LoginEngineTest" name="LoginEngineTest_TC002" time="0.000">
    <skipped/>
  </testcase> <!-- LoginEngineTest_TC002 -->
  <system-out/>
  <testcase classname="com.easyserv.testcases.EasyEngine.LoginEngineTest" name="LoginEngineTest_TC003" time="0.000">
    <skipped/>
  </testcase> <!-- LoginEngineTest_TC003 -->
  <system-out/>
  <testcase classname="com.easyserv.testcases.EasyEngine.LoginEngineTest" name="LoginEngineTest_TC004" time="0.000">
    <skipped/>
  </testcase> <!-- LoginEngineTest_TC004 -->
  <system-out/>
  <testcase classname="com.easyserv.testcases.EasyEngine.LoginEngineTest" name="LoginEngineTest_TC005" time="0.000">
    <skipped/>
  </testcase> <!-- LoginEngineTest_TC005 -->
  <system-out/>
  <testcase classname="com.easyserv.testcases.EasyEngine.LoginEngineTest" name="LoginEngineTest_TC006" time="0.000">
    <skipped/>
  </testcase> <!-- LoginEngineTest_TC006 -->
  <system-out/>
  <testcase classname="com.easyserv.testcases.EasyEngine.LoginEngineTest" name="LoginEngineTest_TC007" time="0.000">
    <skipped/>
  </testcase> <!-- LoginEngineTest_TC007 -->
  <system-out/>
  <testcase classname="com.easyserv.testcases.EasyEngine.LoginEngineTest" name="LoginEngineTest_TC007" time="0.000">
    <skipped/>
  </testcase> <!-- LoginEngineTest_TC007 -->
  <system-out/>
  <testcase classname="com.easyserv.testcases.EasyEngine.LoginEngineTest" name="LoginEngineTest_TC007" time="0.000">
    <skipped/>
  </testcase> <!-- LoginEngineTest_TC007 -->
  <system-out/>
  <testcase classname="com.easyserv.testcases.EasyEngine.LoginEngineTest" name="LoginEngineTest_TC007" time="0.000">
    <skipped/>
  </testcase> <!-- LoginEngineTest_TC007 -->
  <system-out/>
  <testcase classname="com.easyserv.testcases.EasyEngine.LoginEngineTest" name="LoginEngineTest_TC008" time="0.000">
    <skipped/>
  </testcase> <!-- LoginEngineTest_TC008 -->
  <system-out/>
  <testcase classname="com.easyserv.testcases.EasyEngine.LoginEngineTest" name="LoginEngineTest_TC009" time="0.000">
    <skipped/>
  </testcase> <!-- LoginEngineTest_TC009 -->
  <system-out/>
  <testcase classname="com.easyserv.testcases.EasyEngine.LoginEngineTest" name="LoginEngineTest_TC010" time="0.000">
    <skipped/>
  </testcase> <!-- LoginEngineTest_TC010 -->
  <system-out/>
  <testcase classname="com.easyserv.testcases.EasyEngine.LoginEngineTest" name="LoginEngineTest_TC011" time="0.000">
    <skipped/>
  </testcase> <!-- LoginEngineTest_TC011 -->
  <system-out/>
  <testcase classname="com.easyserv.testcases.EasyEngine.LoginEngineTest" name="LoginEngineTest_TC012" time="0.000">
    <skipped/>
  </testcase> <!-- LoginEngineTest_TC012 -->
  <system-out/>
  <testcase classname="com.easyserv.testcases.EasyEngine.LoginEngineTest" name="LoginEngineTest_TC013" time="0.000">
    <skipped/>
  </testcase> <!-- LoginEngineTest_TC013 -->
  <system-out/>
  <testcase classname="com.easyserv.testcases.EasyEngine.LoginEngineTest" name="LoginEngineTest_TC014" time="0.000">
    <skipped/>
  </testcase> <!-- LoginEngineTest_TC014 -->
  <system-out/>
  <testcase classname="com.easyserv.testcases.EasyEngine.LoginEngineTest" name="LoginEngineTest_TC015" time="0.000">
    <skipped/>
  </testcase> <!-- LoginEngineTest_TC015 -->
  <system-out/>
  <testcase classname="com.easyserv.testcases.EasyEngine.LoginEngineTest" name="LoginEngineTest_TC016" time="0.000">
    <skipped/>
  </testcase> <!-- LoginEngineTest_TC016 -->
  <system-out/>
  <testcase classname="com.easyserv.testcases.EasyEngine.LoginEngineTest" name="LoginEngineTest_TC017" time="0.000">
    <skipped/>
  </testcase> <!-- LoginEngineTest_TC017 -->
  <system-out/>
  <testcase classname="com.easyserv.testcases.EasyEngine.LoginEngineTest" name="LoginEngineTest_TC018" time="0.000">
    <skipped/>
  </testcase> <!-- LoginEngineTest_TC018 -->
  <system-out/>
  <testcase classname="com.easyserv.testcases.EasyEngine.LoginEngineTest" name="LoginEngineTest_TC019" time="0.000">
    <skipped/>
  </testcase> <!-- LoginEngineTest_TC019 -->
  <system-out/>
  <testcase classname="com.easyserv.testcases.EasyEngine.LoginEngineTest" name="LoginEngineTest_TC020" time="0.000">
    <skipped/>
  </testcase> <!-- LoginEngineTest_TC020 -->
  <system-out/>
  <testcase classname="com.easyserv.testcases.EasyEngine.LoginEngineTest" name="LoginEngineTest_TC021" time="0.000">
    <skipped/>
  </testcase> <!-- LoginEngineTest_TC021 -->
  <system-out/>
</testsuite> <!-- com.easyserv.testcases.EasyEngine.LoginEngineTest -->
