<?xml version="1.0" encoding="UTF-8"?>
<!-- Generated by org.testng.reporters.JUnitReportReporter -->
<testsuite hostname="DESKTOP-GFKKN7N" failures="0" tests="3" name="com.easyserv.testcases.Admin.LoginTest" time="0.000" errors="0" timestamp="2024-08-22T10:04:04 ICT" skipped="3">
  <testcase classname="com.easyserv.testcases.Admin.LoginTest" name="LoginEasy" time="0.000">
    <skipped/>
  </testcase> <!-- LoginEasy -->
  <system-out/>
  <testcase classname="com.easyserv.testcases.Admin.LoginTest" name="LoginEasy1" time="0.000">
    <skipped/>
  </testcase> <!-- LoginEasy1 -->
  <system-out/>
  <testcase classname="com.easyserv.testcases.Admin.LoginTest" name="LoginEasy2" time="0.000">
    <skipped/>
  </testcase> <!-- LoginEasy2 -->
  <system-out/>
</testsuite> <!-- com.easyserv.testcases.Admin.LoginTest -->
