<?xml version="1.0" encoding="UTF-8"?>
<!-- Generated by org.testng.reporters.JUnitReportReporter -->
<testsuite hostname="DESKTOP-GFKKN7N" failures="0" tests="7" name="com.easyserv.testcases.Admin.CreateBookingTest" time="0.000" errors="0" timestamp="2024-08-22T10:04:04 ICT" skipped="7">
  <testcase classname="com.easyserv.testcases.Admin.CreateBookingTest" name="CreateBookingTest_TC001" time="0.000">
    <skipped/>
  </testcase> <!-- CreateBookingTest_TC001 -->
  <system-out/>
  <testcase classname="com.easyserv.testcases.Admin.CreateBookingTest" name="CreateBookingTest_TC002" time="0.000">
    <skipped/>
  </testcase> <!-- CreateBookingTest_TC002 -->
  <system-out/>
  <testcase classname="com.easyserv.testcases.Admin.CreateBookingTest" name="CreateBookingTest_TC003" time="0.000">
    <skipped/>
  </testcase> <!-- CreateBookingTest_TC003 -->
  <system-out/>
  <testcase classname="com.easyserv.testcases.Admin.CreateBookingTest" name="CreateBookingTest_TC004" time="0.000">
    <skipped/>
  </testcase> <!-- CreateBookingTest_TC004 -->
  <system-out/>
  <testcase classname="com.easyserv.testcases.Admin.CreateBookingTest" name="CreateBookingTest_TC005" time="0.000">
    <skipped/>
  </testcase> <!-- CreateBookingTest_TC005 -->
  <system-out/>
  <testcase classname="com.easyserv.testcases.Admin.CreateBookingTest" name="CreateBookingTest_TC006" time="0.000">
    <skipped/>
  </testcase> <!-- CreateBookingTest_TC006 -->
  <system-out/>
  <testcase classname="com.easyserv.testcases.Admin.CreateBookingTest" name="AddNewCustomerTest_TC007" time="0.000">
    <skipped/>
  </testcase> <!-- AddNewCustomerTest_TC007 -->
  <system-out/>
</testsuite> <!-- com.easyserv.testcases.Admin.CreateBookingTest -->
