<?xml version="1.0" encoding="UTF-8"?>
<!-- Generated by org.testng.reporters.JUnitReportReporter -->
<testsuite hostname="DESKTOP-GFKKN7N" failures="0" tests="9" name="com.easyserv.testcases.Admin.CustomerDetailsTest" time="0.000" errors="0" timestamp="2024-08-22T10:04:04 ICT" skipped="9">
  <testcase classname="com.easyserv.testcases.Admin.CustomerDetailsTest" name="CustomerDetails_TC001" time="0.000">
    <skipped/>
  </testcase> <!-- CustomerDetails_TC001 -->
  <system-out/>
  <testcase classname="com.easyserv.testcases.Admin.CustomerDetailsTest" name="CustomerDetails_TC002" time="0.000">
    <skipped/>
  </testcase> <!-- CustomerDetails_TC002 -->
  <system-out/>
  <testcase classname="com.easyserv.testcases.Admin.CustomerDetailsTest" name="CustomerDetails_TC003" time="0.000">
    <skipped/>
  </testcase> <!-- CustomerDetails_TC003 -->
  <system-out/>
  <testcase classname="com.easyserv.testcases.Admin.CustomerDetailsTest" name="CustomerDetails_TC004" time="0.000">
    <skipped/>
  </testcase> <!-- CustomerDetails_TC004 -->
  <system-out/>
  <testcase classname="com.easyserv.testcases.Admin.CustomerDetailsTest" name="CustomerDetails_TC005" time="0.000">
    <skipped/>
  </testcase> <!-- CustomerDetails_TC005 -->
  <system-out/>
  <testcase classname="com.easyserv.testcases.Admin.CustomerDetailsTest" name="CustomerDetails_TC006" time="0.000">
    <skipped/>
  </testcase> <!-- CustomerDetails_TC006 -->
  <system-out/>
  <testcase classname="com.easyserv.testcases.Admin.CustomerDetailsTest" name="CustomerDetails_TC007" time="0.000">
    <skipped/>
  </testcase> <!-- CustomerDetails_TC007 -->
  <system-out/>
  <testcase classname="com.easyserv.testcases.Admin.CustomerDetailsTest" name="CustomerDetails_TC008" time="0.000">
    <skipped/>
  </testcase> <!-- CustomerDetails_TC008 -->
  <system-out/>
  <testcase classname="com.easyserv.testcases.Admin.CustomerDetailsTest" name="CustomerDetails_TC009" time="0.000">
    <skipped/>
  </testcase> <!-- CustomerDetails_TC009 -->
  <system-out/>
</testsuite> <!-- com.easyserv.testcases.Admin.CustomerDetailsTest -->
