<?xml version="1.0" encoding="UTF-8"?>
<!-- Generated by org.testng.reporters.JUnitReportReporter -->
<testsuite hostname="DESKTOP-GFKKN7N" failures="0" tests="39" name="com.easyserv.testcases.Admin.GatewaysTest" time="0.000" errors="0" timestamp="2024-08-22T10:04:04 ICT" skipped="39">
  <testcase classname="com.easyserv.testcases.Admin.GatewaysTest" name="GatewaysTest_TC001" time="0.000">
    <skipped/>
  </testcase> <!-- GatewaysTest_TC001 -->
  <system-out/>
  <testcase classname="com.easyserv.testcases.Admin.GatewaysTest" name="GatewaysTest_TC002" time="0.000">
    <skipped/>
  </testcase> <!-- GatewaysTest_TC002 -->
  <system-out/>
  <testcase classname="com.easyserv.testcases.Admin.GatewaysTest" name="GatewaysTest_TC003" time="0.000">
    <skipped/>
  </testcase> <!-- GatewaysTest_TC003 -->
  <system-out/>
  <testcase classname="com.easyserv.testcases.Admin.GatewaysTest" name="GatewaysTest_TC004" time="0.000">
    <skipped/>
  </testcase> <!-- GatewaysTest_TC004 -->
  <system-out/>
  <testcase classname="com.easyserv.testcases.Admin.GatewaysTest" name="GatewaysTest_TC005" time="0.000">
    <skipped/>
  </testcase> <!-- GatewaysTest_TC005 -->
  <system-out/>
  <testcase classname="com.easyserv.testcases.Admin.GatewaysTest" name="GatewaysTest_TC006_1" time="0.000">
    <skipped/>
  </testcase> <!-- GatewaysTest_TC006_1 -->
  <system-out/>
  <testcase classname="com.easyserv.testcases.Admin.GatewaysTest" name="GatewaysTest_TC006_2" time="0.000">
    <skipped/>
  </testcase> <!-- GatewaysTest_TC006_2 -->
  <system-out/>
  <testcase classname="com.easyserv.testcases.Admin.GatewaysTest" name="GatewaysTest_TC007_1" time="0.000">
    <skipped/>
  </testcase> <!-- GatewaysTest_TC007_1 -->
  <system-out/>
  <testcase classname="com.easyserv.testcases.Admin.GatewaysTest" name="GatewaysTest_TC007_2" time="0.000">
    <skipped/>
  </testcase> <!-- GatewaysTest_TC007_2 -->
  <system-out/>
  <testcase classname="com.easyserv.testcases.Admin.GatewaysTest" name="GatewaysTest_TC008" time="0.000">
    <skipped/>
  </testcase> <!-- GatewaysTest_TC008 -->
  <system-out/>
  <testcase classname="com.easyserv.testcases.Admin.GatewaysTest" name="GatewaysTest_TC009_1" time="0.000">
    <skipped/>
  </testcase> <!-- GatewaysTest_TC009_1 -->
  <system-out/>
  <testcase classname="com.easyserv.testcases.Admin.GatewaysTest" name="GatewaysTest_TC009_2" time="0.000">
    <skipped/>
  </testcase> <!-- GatewaysTest_TC009_2 -->
  <system-out/>
  <testcase classname="com.easyserv.testcases.Admin.GatewaysTest" name="GatewaysTest_TC010_1" time="0.000">
    <skipped/>
  </testcase> <!-- GatewaysTest_TC010_1 -->
  <system-out/>
  <testcase classname="com.easyserv.testcases.Admin.GatewaysTest" name="GatewaysTest_TC010_2" time="0.000">
    <skipped/>
  </testcase> <!-- GatewaysTest_TC010_2 -->
  <system-out/>
  <testcase classname="com.easyserv.testcases.Admin.GatewaysTest" name="GatewaysTest_TC011" time="0.000">
    <skipped/>
  </testcase> <!-- GatewaysTest_TC011 -->
  <system-out/>
  <testcase classname="com.easyserv.testcases.Admin.GatewaysTest" name="GatewaysTest_TC012_1" time="0.000">
    <skipped/>
  </testcase> <!-- GatewaysTest_TC012_1 -->
  <system-out/>
  <testcase classname="com.easyserv.testcases.Admin.GatewaysTest" name="GatewaysTest_TC012_2" time="0.000">
    <skipped/>
  </testcase> <!-- GatewaysTest_TC012_2 -->
  <system-out/>
  <testcase classname="com.easyserv.testcases.Admin.GatewaysTest" name="GatewaysTest_TC013" time="0.000">
    <skipped/>
  </testcase> <!-- GatewaysTest_TC013 -->
  <system-out/>
  <testcase classname="com.easyserv.testcases.Admin.GatewaysTest" name="GatewaysTest_TC014" time="0.000">
    <skipped/>
  </testcase> <!-- GatewaysTest_TC014 -->
  <system-out/>
  <testcase classname="com.easyserv.testcases.Admin.GatewaysTest" name="GatewaysTest_TC015" time="0.000">
    <skipped/>
  </testcase> <!-- GatewaysTest_TC015 -->
  <system-out/>
  <testcase classname="com.easyserv.testcases.Admin.GatewaysTest" name="GatewaysTest_TC016" time="0.000">
    <skipped/>
  </testcase> <!-- GatewaysTest_TC016 -->
  <system-out/>
  <testcase classname="com.easyserv.testcases.Admin.GatewaysTest" name="GatewaysTest_TC017" time="0.000">
    <skipped/>
  </testcase> <!-- GatewaysTest_TC017 -->
  <system-out/>
  <testcase classname="com.easyserv.testcases.Admin.GatewaysTest" name="GatewaysTest_TC018" time="0.000">
    <skipped/>
  </testcase> <!-- GatewaysTest_TC018 -->
  <system-out/>
  <testcase classname="com.easyserv.testcases.Admin.GatewaysTest" name="GatewaysTest_TC019" time="0.000">
    <skipped/>
  </testcase> <!-- GatewaysTest_TC019 -->
  <system-out/>
  <testcase classname="com.easyserv.testcases.Admin.GatewaysTest" name="GatewaysTest_TC020" time="0.000">
    <skipped/>
  </testcase> <!-- GatewaysTest_TC020 -->
  <system-out/>
  <testcase classname="com.easyserv.testcases.Admin.GatewaysTest" name="GatewaysTest_TC021" time="0.000">
    <skipped/>
  </testcase> <!-- GatewaysTest_TC021 -->
  <system-out/>
  <testcase classname="com.easyserv.testcases.Admin.GatewaysTest" name="GatewaysTest_TC022" time="0.000">
    <skipped/>
  </testcase> <!-- GatewaysTest_TC022 -->
  <system-out/>
  <testcase classname="com.easyserv.testcases.Admin.GatewaysTest" name="GatewaysTest_TC023" time="0.000">
    <skipped/>
  </testcase> <!-- GatewaysTest_TC023 -->
  <system-out/>
  <testcase classname="com.easyserv.testcases.Admin.GatewaysTest" name="GatewaysTest_TC024" time="0.000">
    <skipped/>
  </testcase> <!-- GatewaysTest_TC024 -->
  <system-out/>
  <testcase classname="com.easyserv.testcases.Admin.GatewaysTest" name="GatewaysTest_TC025" time="0.000">
    <skipped/>
  </testcase> <!-- GatewaysTest_TC025 -->
  <system-out/>
  <testcase classname="com.easyserv.testcases.Admin.GatewaysTest" name="GatewaysTest_TC026" time="0.000">
    <skipped/>
  </testcase> <!-- GatewaysTest_TC026 -->
  <system-out/>
  <testcase classname="com.easyserv.testcases.Admin.GatewaysTest" name="GatewaysTest_TC027" time="0.000">
    <skipped/>
  </testcase> <!-- GatewaysTest_TC027 -->
  <system-out/>
  <testcase classname="com.easyserv.testcases.Admin.GatewaysTest" name="GatewaysTest_TC028" time="0.000">
    <skipped/>
  </testcase> <!-- GatewaysTest_TC028 -->
  <system-out/>
  <testcase classname="com.easyserv.testcases.Admin.GatewaysTest" name="GatewaysTest_TC029" time="0.000">
    <skipped/>
  </testcase> <!-- GatewaysTest_TC029 -->
  <system-out/>
  <testcase classname="com.easyserv.testcases.Admin.GatewaysTest" name="GatewaysTest_TC030" time="0.000">
    <skipped/>
  </testcase> <!-- GatewaysTest_TC030 -->
  <system-out/>
  <testcase classname="com.easyserv.testcases.Admin.GatewaysTest" name="GatewaysTest_TC031" time="0.000">
    <skipped/>
  </testcase> <!-- GatewaysTest_TC031 -->
  <system-out/>
  <testcase classname="com.easyserv.testcases.Admin.GatewaysTest" name="GatewaysTest_TC032" time="0.000">
    <skipped/>
  </testcase> <!-- GatewaysTest_TC032 -->
  <system-out/>
  <testcase classname="com.easyserv.testcases.Admin.GatewaysTest" name="GatewaysTest_TC033" time="0.000">
    <skipped/>
  </testcase> <!-- GatewaysTest_TC033 -->
  <system-out/>
  <testcase classname="com.easyserv.testcases.Admin.GatewaysTest" name="GatewaysTest_TC034" time="0.000">
    <skipped/>
  </testcase> <!-- GatewaysTest_TC034 -->
  <system-out/>
</testsuite> <!-- com.easyserv.testcases.Admin.GatewaysTest -->
