<?xml version="1.0" encoding="UTF-8"?>
<!-- Generated by org.testng.reporters.JUnitReportReporter -->
<testsuite hostname="DESKTOP-GFKKN7N" failures="0" tests="5" name="com.easyserv.testcases.Motoserve.LogOutTest" time="0.000" errors="0" timestamp="2024-08-22T10:04:04 ICT" skipped="5">
  <testcase classname="com.easyserv.testcases.Motoserve.LogOutTest" name="LogOutTest_TC001" time="0.000">
    <skipped/>
  </testcase> <!-- LogOutTest_TC001 -->
  <system-out/>
  <testcase classname="com.easyserv.testcases.Motoserve.LogOutTest" name="LogOutTest_TC002" time="0.000">
    <skipped/>
  </testcase> <!-- LogOutTest_TC002 -->
  <system-out/>
  <testcase classname="com.easyserv.testcases.Motoserve.LogOutTest" name="LogOutTest_TC003" time="0.000">
    <skipped/>
  </testcase> <!-- LogOutTest_TC003 -->
  <system-out/>
  <testcase classname="com.easyserv.testcases.Motoserve.LogOutTest" name="LogOutTest_TC004" time="0.000">
    <skipped/>
  </testcase> <!-- LogOutTest_TC004 -->
  <system-out/>
  <testcase classname="com.easyserv.testcases.Motoserve.LogOutTest" name="LogOutTest_TC005" time="0.000">
    <skipped/>
  </testcase> <!-- LogOutTest_TC005 -->
  <system-out/>
</testsuite> <!-- com.easyserv.testcases.Motoserve.LogOutTest -->
