<?xml version="1.0" encoding="UTF-8"?>
<!-- Generated by org.testng.reporters.JUnitReportReporter -->
<testsuite hostname="DESKTOP-GFKKN7N" failures="0" tests="13" name="com.easyserv.testcases.Admin.UserManaDetailsTest" time="0.000" errors="0" timestamp="2024-08-22T10:04:04 ICT" skipped="13">
  <testcase classname="com.easyserv.testcases.Admin.UserManaDetailsTest" name="UserManaDetailTest_TC001" time="0.000">
    <skipped/>
  </testcase> <!-- UserManaDetailTest_TC001 -->
  <system-out/>
  <testcase classname="com.easyserv.testcases.Admin.UserManaDetailsTest" name="UserManaDetailTest_TC002" time="0.000">
    <skipped/>
  </testcase> <!-- UserManaDetailTest_TC002 -->
  <system-out/>
  <testcase classname="com.easyserv.testcases.Admin.UserManaDetailsTest" name="UserManaDetailTest_TC003" time="0.000">
    <skipped/>
  </testcase> <!-- UserManaDetailTest_TC003 -->
  <system-out/>
  <testcase classname="com.easyserv.testcases.Admin.UserManaDetailsTest" name="UserManaDetailTest_TC004" time="0.000">
    <skipped/>
  </testcase> <!-- UserManaDetailTest_TC004 -->
  <system-out/>
  <testcase classname="com.easyserv.testcases.Admin.UserManaDetailsTest" name="UserManaDetailTest_TC005" time="0.000">
    <skipped/>
  </testcase> <!-- UserManaDetailTest_TC005 -->
  <system-out/>
  <testcase classname="com.easyserv.testcases.Admin.UserManaDetailsTest" name="UserManaDetailTest_TC006" time="0.000">
    <skipped/>
  </testcase> <!-- UserManaDetailTest_TC006 -->
  <system-out/>
  <testcase classname="com.easyserv.testcases.Admin.UserManaDetailsTest" name="UserManaDetailTest_TC007" time="0.000">
    <skipped/>
  </testcase> <!-- UserManaDetailTest_TC007 -->
  <system-out/>
  <testcase classname="com.easyserv.testcases.Admin.UserManaDetailsTest" name="UserManaDetailTest_TC008" time="0.000">
    <skipped/>
  </testcase> <!-- UserManaDetailTest_TC008 -->
  <system-out/>
  <testcase classname="com.easyserv.testcases.Admin.UserManaDetailsTest" name="UserManaDetailTest_TC009" time="0.000">
    <skipped/>
  </testcase> <!-- UserManaDetailTest_TC009 -->
  <system-out/>
  <testcase classname="com.easyserv.testcases.Admin.UserManaDetailsTest" name="UserManaDetailTest_TC010" time="0.000">
    <skipped/>
  </testcase> <!-- UserManaDetailTest_TC010 -->
  <system-out/>
  <testcase classname="com.easyserv.testcases.Admin.UserManaDetailsTest" name="UserManaDetailTest_TC011" time="0.000">
    <skipped/>
  </testcase> <!-- UserManaDetailTest_TC011 -->
  <system-out/>
  <testcase classname="com.easyserv.testcases.Admin.UserManaDetailsTest" name="UserManaDetailTest_TC012" time="0.000">
    <skipped/>
  </testcase> <!-- UserManaDetailTest_TC012 -->
  <system-out/>
  <testcase classname="com.easyserv.testcases.Admin.UserManaDetailsTest" name="UserManaDetailTest_TC013" time="0.000">
    <skipped/>
  </testcase> <!-- UserManaDetailTest_TC013 -->
  <system-out/>
</testsuite> <!-- com.easyserv.testcases.Admin.UserManaDetailsTest -->
