<?xml version="1.0" encoding="UTF-8"?>
<!-- Generated by org.testng.reporters.JUnitReportReporter -->
<testsuite hostname="DESKTOP-GFKKN7N" failures="0" tests="10" name="com.easyserv.testcases.EasyEngine.ForgotPasswordTest" time="0.000" errors="0" timestamp="2024-08-22T10:04:04 ICT" skipped="10">
  <testcase classname="com.easyserv.testcases.EasyEngine.ForgotPasswordTest" name="ForgotPasswordTest_TC001" time="0.000">
    <skipped/>
  </testcase> <!-- ForgotPasswordTest_TC001 -->
  <system-out/>
  <testcase classname="com.easyserv.testcases.EasyEngine.ForgotPasswordTest" name="ForgotPasswordTest_TC002" time="0.000">
    <skipped/>
  </testcase> <!-- ForgotPasswordTest_TC002 -->
  <system-out/>
  <testcase classname="com.easyserv.testcases.EasyEngine.ForgotPasswordTest" name="ForgotPasswordTest_TC003" time="0.000">
    <skipped/>
  </testcase> <!-- ForgotPasswordTest_TC003 -->
  <system-out/>
  <testcase classname="com.easyserv.testcases.EasyEngine.ForgotPasswordTest" name="ForgotPasswordTest_TC004" time="0.000">
    <skipped/>
  </testcase> <!-- ForgotPasswordTest_TC004 -->
  <system-out/>
  <testcase classname="com.easyserv.testcases.EasyEngine.ForgotPasswordTest" name="ForgotPasswordTest_TC005" time="0.000">
    <skipped/>
  </testcase> <!-- ForgotPasswordTest_TC005 -->
  <system-out/>
  <testcase classname="com.easyserv.testcases.EasyEngine.ForgotPasswordTest" name="ForgotPasswordTest_TC006" time="0.000">
    <skipped/>
  </testcase> <!-- ForgotPasswordTest_TC006 -->
  <system-out/>
  <testcase classname="com.easyserv.testcases.EasyEngine.ForgotPasswordTest" name="ForgotPasswordTest_TC006" time="0.000">
    <skipped/>
  </testcase> <!-- ForgotPasswordTest_TC006 -->
  <system-out/>
  <testcase classname="com.easyserv.testcases.EasyEngine.ForgotPasswordTest" name="ForgotPasswordTest_TC006" time="0.000">
    <skipped/>
  </testcase> <!-- ForgotPasswordTest_TC006 -->
  <system-out/>
  <testcase classname="com.easyserv.testcases.EasyEngine.ForgotPasswordTest" name="ForgotPasswordTest_TC006" time="0.000">
    <skipped/>
  </testcase> <!-- ForgotPasswordTest_TC006 -->
  <system-out/>
  <testcase classname="com.easyserv.testcases.EasyEngine.ForgotPasswordTest" name="ForgotPasswordTest_TC007" time="0.000">
    <skipped/>
  </testcase> <!-- ForgotPasswordTest_TC007 -->
  <system-out/>
</testsuite> <!-- com.easyserv.testcases.EasyEngine.ForgotPasswordTest -->
