<?xml version="1.0" encoding="UTF-8"?>
<!-- Generated by org.testng.reporters.JUnitReportReporter -->
<testsuite hostname="DESKTOP-GFKKN7N" failures="0" tests="17" name="com.easyserv.testcases.EasyEngine.ResetPasswordTest" time="0.000" errors="0" timestamp="2024-08-22T10:04:04 ICT" skipped="17">
  <testcase classname="com.easyserv.testcases.EasyEngine.ResetPasswordTest" name="ResetPasswordTest_TC001" time="0.000">
    <skipped/>
  </testcase> <!-- ResetPasswordTest_TC001 -->
  <system-out/>
  <testcase classname="com.easyserv.testcases.EasyEngine.ResetPasswordTest" name="ResetPasswordTest_TC002" time="0.000">
    <skipped/>
  </testcase> <!-- ResetPasswordTest_TC002 -->
  <system-out/>
  <testcase classname="com.easyserv.testcases.EasyEngine.ResetPasswordTest" name="ResetPasswordTest_TC003" time="0.000">
    <skipped/>
  </testcase> <!-- ResetPasswordTest_TC003 -->
  <system-out/>
  <testcase classname="com.easyserv.testcases.EasyEngine.ResetPasswordTest" name="ResetPasswordTest_TC004" time="0.000">
    <skipped/>
  </testcase> <!-- ResetPasswordTest_TC004 -->
  <system-out/>
  <testcase classname="com.easyserv.testcases.EasyEngine.ResetPasswordTest" name="ResetPasswordTest_TC004" time="0.000">
    <skipped/>
  </testcase> <!-- ResetPasswordTest_TC004 -->
  <system-out/>
  <testcase classname="com.easyserv.testcases.EasyEngine.ResetPasswordTest" name="ResetPasswordTest_TC004" time="0.000">
    <skipped/>
  </testcase> <!-- ResetPasswordTest_TC004 -->
  <system-out/>
  <testcase classname="com.easyserv.testcases.EasyEngine.ResetPasswordTest" name="ResetPasswordTest_TC004" time="0.000">
    <skipped/>
  </testcase> <!-- ResetPasswordTest_TC004 -->
  <system-out/>
  <testcase classname="com.easyserv.testcases.EasyEngine.ResetPasswordTest" name="ResetPasswordTest_TC004" time="0.000">
    <skipped/>
  </testcase> <!-- ResetPasswordTest_TC004 -->
  <system-out/>
  <testcase classname="com.easyserv.testcases.EasyEngine.ResetPasswordTest" name="ResetPasswordTest_TC005" time="0.000">
    <skipped/>
  </testcase> <!-- ResetPasswordTest_TC005 -->
  <system-out/>
  <testcase classname="com.easyserv.testcases.EasyEngine.ResetPasswordTest" name="ResetPasswordTest_TC006" time="0.000">
    <skipped/>
  </testcase> <!-- ResetPasswordTest_TC006 -->
  <system-out/>
  <testcase classname="com.easyserv.testcases.EasyEngine.ResetPasswordTest" name="ResetPasswordTest_TC007" time="0.000">
    <skipped/>
  </testcase> <!-- ResetPasswordTest_TC007 -->
  <system-out/>
  <testcase classname="com.easyserv.testcases.EasyEngine.ResetPasswordTest" name="ResetPasswordTest_TC007" time="0.000">
    <skipped/>
  </testcase> <!-- ResetPasswordTest_TC007 -->
  <system-out/>
  <testcase classname="com.easyserv.testcases.EasyEngine.ResetPasswordTest" name="ResetPasswordTest_TC007" time="0.000">
    <skipped/>
  </testcase> <!-- ResetPasswordTest_TC007 -->
  <system-out/>
  <testcase classname="com.easyserv.testcases.EasyEngine.ResetPasswordTest" name="ResetPasswordTest_TC007" time="0.000">
    <skipped/>
  </testcase> <!-- ResetPasswordTest_TC007 -->
  <system-out/>
  <testcase classname="com.easyserv.testcases.EasyEngine.ResetPasswordTest" name="ResetPasswordTest_TC007" time="0.000">
    <skipped/>
  </testcase> <!-- ResetPasswordTest_TC007 -->
  <system-out/>
  <testcase classname="com.easyserv.testcases.EasyEngine.ResetPasswordTest" name="ResetPasswordTest_TC008" time="0.000">
    <skipped/>
  </testcase> <!-- ResetPasswordTest_TC008 -->
  <system-out/>
  <testcase classname="com.easyserv.testcases.EasyEngine.ResetPasswordTest" name="ResetPasswordTest_TC009" time="0.000">
    <skipped/>
  </testcase> <!-- ResetPasswordTest_TC009 -->
  <system-out/>
</testsuite> <!-- com.easyserv.testcases.EasyEngine.ResetPasswordTest -->
