<?xml version="1.0" encoding="UTF-8"?>
<!-- Generated by org.testng.reporters.JUnitReportReporter -->
<testsuite hostname="DESKTOP-GFKKN7N" failures="0" tests="4" name="com.easyserv.testcases.Admin.CustomerVehiclesTest" time="0.000" errors="0" timestamp="2024-08-22T10:04:04 ICT" skipped="4">
  <testcase classname="com.easyserv.testcases.Admin.CustomerVehiclesTest" name="CustomerVehicle_TC001" time="0.000">
    <skipped/>
  </testcase> <!-- CustomerVehicle_TC001 -->
  <system-out/>
  <testcase classname="com.easyserv.testcases.Admin.CustomerVehiclesTest" name="CustomerVehicle_TC002" time="0.000">
    <skipped/>
  </testcase> <!-- CustomerVehicle_TC002 -->
  <system-out/>
  <testcase classname="com.easyserv.testcases.Admin.CustomerVehiclesTest" name="CustomerVehicle_TC003" time="0.000">
    <skipped/>
  </testcase> <!-- CustomerVehicle_TC003 -->
  <system-out/>
  <testcase classname="com.easyserv.testcases.Admin.CustomerVehiclesTest" name="CustomerVehicle_TC004" time="0.000">
    <skipped/>
  </testcase> <!-- CustomerVehicle_TC004 -->
  <system-out/>
</testsuite> <!-- com.easyserv.testcases.Admin.CustomerVehiclesTest -->
