<?xml version="1.0" encoding="UTF-8"?>
<!-- Generated by org.testng.reporters.JUnitReportReporter -->
<testsuite hostname="DESKTOP-GFKKN7N" failures="0" tests="14" name="com.easyserv.testcases.Motoserve.SearchStoreTest" time="0.000" errors="0" timestamp="2024-08-22T10:04:04 ICT" skipped="14">
  <testcase classname="com.easyserv.testcases.Motoserve.SearchStoreTest" name="SearchStoreTest_TC001" time="0.000">
    <skipped/>
  </testcase> <!-- SearchStoreTest_TC001 -->
  <system-out/>
  <testcase classname="com.easyserv.testcases.Motoserve.SearchStoreTest" name="SearchStoreTest_TC002" time="0.000">
    <skipped/>
  </testcase> <!-- SearchStoreTest_TC002 -->
  <system-out/>
  <testcase classname="com.easyserv.testcases.Motoserve.SearchStoreTest" name="SearchStoreTest_TC003" time="0.000">
    <skipped/>
  </testcase> <!-- SearchStoreTest_TC003 -->
  <system-out/>
  <testcase classname="com.easyserv.testcases.Motoserve.SearchStoreTest" name="SearchStoreTest_TC004" time="0.000">
    <skipped/>
  </testcase> <!-- SearchStoreTest_TC004 -->
  <system-out/>
  <testcase classname="com.easyserv.testcases.Motoserve.SearchStoreTest" name="SearchStoreTest_TC005" time="0.000">
    <skipped/>
  </testcase> <!-- SearchStoreTest_TC005 -->
  <system-out/>
  <testcase classname="com.easyserv.testcases.Motoserve.SearchStoreTest" name="SearchStoreTest_TC006" time="0.000">
    <skipped/>
  </testcase> <!-- SearchStoreTest_TC006 -->
  <system-out/>
  <testcase classname="com.easyserv.testcases.Motoserve.SearchStoreTest" name="SearchStoreTest_TC007" time="0.000">
    <skipped/>
  </testcase> <!-- SearchStoreTest_TC007 -->
  <system-out/>
  <testcase classname="com.easyserv.testcases.Motoserve.SearchStoreTest" name="SearchStoreTest_TC008" time="0.000">
    <skipped/>
  </testcase> <!-- SearchStoreTest_TC008 -->
  <system-out/>
  <testcase classname="com.easyserv.testcases.Motoserve.SearchStoreTest" name="SearchStoreTest_TC009" time="0.000">
    <skipped/>
  </testcase> <!-- SearchStoreTest_TC009 -->
  <system-out/>
  <testcase classname="com.easyserv.testcases.Motoserve.SearchStoreTest" name="SearchStoreTest_TC011" time="0.000">
    <skipped/>
  </testcase> <!-- SearchStoreTest_TC011 -->
  <system-out/>
  <testcase classname="com.easyserv.testcases.Motoserve.SearchStoreTest" name="SearchStoreTest_TC012" time="0.000">
    <skipped/>
  </testcase> <!-- SearchStoreTest_TC012 -->
  <system-out/>
  <testcase classname="com.easyserv.testcases.Motoserve.SearchStoreTest" name="SearchStoreTest_TC013" time="0.000">
    <skipped/>
  </testcase> <!-- SearchStoreTest_TC013 -->
  <system-out/>
  <testcase classname="com.easyserv.testcases.Motoserve.SearchStoreTest" name="SearchStoreTest_TC014" time="0.000">
    <skipped/>
  </testcase> <!-- SearchStoreTest_TC014 -->
  <system-out/>
  <testcase classname="com.easyserv.testcases.Motoserve.SearchStoreTest" name="SearchStoreTest_TC010" time="0.000">
    <skipped/>
  </testcase> <!-- SearchStoreTest_TC010 -->
  <system-out/>
</testsuite> <!-- com.easyserv.testcases.Motoserve.SearchStoreTest -->
