<?xml version="1.0" encoding="UTF-8"?>
<!-- Generated by org.testng.reporters.JUnitReportReporter -->
<testsuite hostname="DESKTOP-GFKKN7N" failures="0" tests="22" name="com.easyserv.testcases.Admin.StoreManaListTest" time="0.000" errors="0" timestamp="2024-08-22T10:04:04 ICT" skipped="22">
  <testcase classname="com.easyserv.testcases.Admin.StoreManaListTest" name="StoreManaListTest_TC001" time="0.000">
    <skipped/>
  </testcase> <!-- StoreManaListTest_TC001 -->
  <system-out/>
  <testcase classname="com.easyserv.testcases.Admin.StoreManaListTest" name="StoreManaListTest_TC002" time="0.000">
    <skipped/>
  </testcase> <!-- StoreManaListTest_TC002 -->
  <system-out/>
  <testcase classname="com.easyserv.testcases.Admin.StoreManaListTest" name="StoreManaListTest_TC003" time="0.000">
    <skipped/>
  </testcase> <!-- StoreManaListTest_TC003 -->
  <system-out/>
  <testcase classname="com.easyserv.testcases.Admin.StoreManaListTest" name="StoreManaListTest_TC004" time="0.000">
    <skipped/>
  </testcase> <!-- StoreManaListTest_TC004 -->
  <system-out/>
  <testcase classname="com.easyserv.testcases.Admin.StoreManaListTest" name="StoreManaListTest_TC005" time="0.000">
    <skipped/>
  </testcase> <!-- StoreManaListTest_TC005 -->
  <system-out/>
  <testcase classname="com.easyserv.testcases.Admin.StoreManaListTest" name="StoreManaListTest_TC006" time="0.000">
    <skipped/>
  </testcase> <!-- StoreManaListTest_TC006 -->
  <system-out/>
  <testcase classname="com.easyserv.testcases.Admin.StoreManaListTest" name="StoreManaListTest_TC007" time="0.000">
    <skipped/>
  </testcase> <!-- StoreManaListTest_TC007 -->
  <system-out/>
  <testcase classname="com.easyserv.testcases.Admin.StoreManaListTest" name="StoreManaListTest_TC008" time="0.000">
    <skipped/>
  </testcase> <!-- StoreManaListTest_TC008 -->
  <system-out/>
  <testcase classname="com.easyserv.testcases.Admin.StoreManaListTest" name="StoreManaListTest_TC009" time="0.000">
    <skipped/>
  </testcase> <!-- StoreManaListTest_TC009 -->
  <system-out/>
  <testcase classname="com.easyserv.testcases.Admin.StoreManaListTest" name="StoreManaListTest_TC010" time="0.000">
    <skipped/>
  </testcase> <!-- StoreManaListTest_TC010 -->
  <system-out/>
  <testcase classname="com.easyserv.testcases.Admin.StoreManaListTest" name="StoreManaListTest_TC011" time="0.000">
    <skipped/>
  </testcase> <!-- StoreManaListTest_TC011 -->
  <system-out/>
  <testcase classname="com.easyserv.testcases.Admin.StoreManaListTest" name="StoreManaListTest_TC012" time="0.000">
    <skipped/>
  </testcase> <!-- StoreManaListTest_TC012 -->
  <system-out/>
  <testcase classname="com.easyserv.testcases.Admin.StoreManaListTest" name="StoreManaListTest_TC013" time="0.000">
    <skipped/>
  </testcase> <!-- StoreManaListTest_TC013 -->
  <system-out/>
  <testcase classname="com.easyserv.testcases.Admin.StoreManaListTest" name="StoreManaListTest_TC014" time="0.000">
    <skipped/>
  </testcase> <!-- StoreManaListTest_TC014 -->
  <system-out/>
  <testcase classname="com.easyserv.testcases.Admin.StoreManaListTest" name="StoreManaListTest_TC015" time="0.000">
    <skipped/>
  </testcase> <!-- StoreManaListTest_TC015 -->
  <system-out/>
  <testcase classname="com.easyserv.testcases.Admin.StoreManaListTest" name="StoreManaListTest_TC016" time="0.000">
    <skipped/>
  </testcase> <!-- StoreManaListTest_TC016 -->
  <system-out/>
  <testcase classname="com.easyserv.testcases.Admin.StoreManaListTest" name="StoreManaListTest_TC017" time="0.000">
    <skipped/>
  </testcase> <!-- StoreManaListTest_TC017 -->
  <system-out/>
  <testcase classname="com.easyserv.testcases.Admin.StoreManaListTest" name="StoreManaListTest_TC018" time="0.000">
    <skipped/>
  </testcase> <!-- StoreManaListTest_TC018 -->
  <system-out/>
  <testcase classname="com.easyserv.testcases.Admin.StoreManaListTest" name="StoreManaListTest_TC019" time="0.000">
    <skipped/>
  </testcase> <!-- StoreManaListTest_TC019 -->
  <system-out/>
  <testcase classname="com.easyserv.testcases.Admin.StoreManaListTest" name="StoreManaListTest_TC020" time="0.000">
    <skipped/>
  </testcase> <!-- StoreManaListTest_TC020 -->
  <system-out/>
  <testcase classname="com.easyserv.testcases.Admin.StoreManaListTest" name="StoreManaListTest_TC021" time="0.000">
    <skipped/>
  </testcase> <!-- StoreManaListTest_TC021 -->
  <system-out/>
  <testcase classname="com.easyserv.testcases.Admin.StoreManaListTest" name="StoreManaListTest_TC022" time="0.000">
    <skipped/>
  </testcase> <!-- StoreManaListTest_TC022 -->
  <system-out/>
</testsuite> <!-- com.easyserv.testcases.Admin.StoreManaListTest -->
