<?xml version="1.0" encoding="UTF-8"?>
<!-- Generated by org.testng.reporters.JUnitReportReporter -->
<testsuite hostname="DESKTOP-GFKKN7N" failures="0" tests="13" name="com.easyserv.testcases.Admin.UserManaListTest" time="0.000" errors="0" timestamp="2024-08-22T10:04:04 ICT" skipped="13">
  <testcase classname="com.easyserv.testcases.Admin.UserManaListTest" name="UserManaListTest_TC001" time="0.000">
    <skipped/>
  </testcase> <!-- UserManaListTest_TC001 -->
  <system-out/>
  <testcase classname="com.easyserv.testcases.Admin.UserManaListTest" name="UserManaListTest_TC002" time="0.000">
    <skipped/>
  </testcase> <!-- UserManaListTest_TC002 -->
  <system-out/>
  <testcase classname="com.easyserv.testcases.Admin.UserManaListTest" name="UserManaListTest_TC003" time="0.000">
    <skipped/>
  </testcase> <!-- UserManaListTest_TC003 -->
  <system-out/>
  <testcase classname="com.easyserv.testcases.Admin.UserManaListTest" name="UserManaListTest_TC004" time="0.000">
    <skipped/>
  </testcase> <!-- UserManaListTest_TC004 -->
  <system-out/>
  <testcase classname="com.easyserv.testcases.Admin.UserManaListTest" name="UserManaListTest_TC005" time="0.000">
    <skipped/>
  </testcase> <!-- UserManaListTest_TC005 -->
  <system-out/>
  <testcase classname="com.easyserv.testcases.Admin.UserManaListTest" name="UserManaListTest_TC006" time="0.000">
    <skipped/>
  </testcase> <!-- UserManaListTest_TC006 -->
  <system-out/>
  <testcase classname="com.easyserv.testcases.Admin.UserManaListTest" name="UserManaListTest_TC007" time="0.000">
    <skipped/>
  </testcase> <!-- UserManaListTest_TC007 -->
  <system-out/>
  <testcase classname="com.easyserv.testcases.Admin.UserManaListTest" name="UserManaListTest_TC008" time="0.000">
    <skipped/>
  </testcase> <!-- UserManaListTest_TC008 -->
  <system-out/>
  <testcase classname="com.easyserv.testcases.Admin.UserManaListTest" name="UserManaListTest_TC009" time="0.000">
    <skipped/>
  </testcase> <!-- UserManaListTest_TC009 -->
  <system-out/>
  <testcase classname="com.easyserv.testcases.Admin.UserManaListTest" name="UserManaListTest_TC010" time="0.000">
    <skipped/>
  </testcase> <!-- UserManaListTest_TC010 -->
  <system-out/>
  <testcase classname="com.easyserv.testcases.Admin.UserManaListTest" name="UserManaListTest_TC011" time="0.000">
    <skipped/>
  </testcase> <!-- UserManaListTest_TC011 -->
  <system-out/>
  <testcase classname="com.easyserv.testcases.Admin.UserManaListTest" name="UserManaListTest_TC012" time="0.000">
    <skipped/>
  </testcase> <!-- UserManaListTest_TC012 -->
  <system-out/>
  <testcase classname="com.easyserv.testcases.Admin.UserManaListTest" name="UserManaListTest_TC013" time="0.000">
    <skipped/>
  </testcase> <!-- UserManaListTest_TC013 -->
  <system-out/>
</testsuite> <!-- com.easyserv.testcases.Admin.UserManaListTest -->
