<?xml version="1.0" encoding="UTF-8"?>
<!-- Generated by org.testng.reporters.JUnitReportReporter -->
<testsuite hostname="DESKTOP-GFKKN7N" failures="0" tests="10" name="com.easyserv.testcases.Motoserve.SearchVehicleManuallyTest" time="0.000" errors="0" timestamp="2024-08-22T10:04:04 ICT" skipped="10">
  <testcase classname="com.easyserv.testcases.Motoserve.SearchVehicleManuallyTest" name="SearchVehicleManually_TC001" time="0.000">
    <skipped/>
  </testcase> <!-- SearchVehicleManually_TC001 -->
  <system-out/>
  <testcase classname="com.easyserv.testcases.Motoserve.SearchVehicleManuallyTest" name="SearchVehicleManually_TC002" time="0.000">
    <skipped/>
  </testcase> <!-- SearchVehicleManually_TC002 -->
  <system-out/>
  <testcase classname="com.easyserv.testcases.Motoserve.SearchVehicleManuallyTest" name="SearchVehicleManually_TC003" time="0.000">
    <skipped/>
  </testcase> <!-- SearchVehicleManually_TC003 -->
  <system-out/>
  <testcase classname="com.easyserv.testcases.Motoserve.SearchVehicleManuallyTest" name="SearchVehicleManually_TC004" time="0.000">
    <skipped/>
  </testcase> <!-- SearchVehicleManually_TC004 -->
  <system-out/>
  <testcase classname="com.easyserv.testcases.Motoserve.SearchVehicleManuallyTest" name="SearchVehicleManually_TC005" time="0.000">
    <skipped/>
  </testcase> <!-- SearchVehicleManually_TC005 -->
  <system-out/>
  <testcase classname="com.easyserv.testcases.Motoserve.SearchVehicleManuallyTest" name="SearchVehicleManually_TC006" time="0.000">
    <skipped/>
  </testcase> <!-- SearchVehicleManually_TC006 -->
  <system-out/>
  <testcase classname="com.easyserv.testcases.Motoserve.SearchVehicleManuallyTest" name="SearchVehicleManually_TC007" time="0.000">
    <skipped/>
  </testcase> <!-- SearchVehicleManually_TC007 -->
  <system-out/>
  <testcase classname="com.easyserv.testcases.Motoserve.SearchVehicleManuallyTest" name="SearchVehicleManually_TC008" time="0.000">
    <skipped/>
  </testcase> <!-- SearchVehicleManually_TC008 -->
  <system-out/>
  <testcase classname="com.easyserv.testcases.Motoserve.SearchVehicleManuallyTest" name="SearchVehicleManually_TC009" time="0.000">
    <skipped/>
  </testcase> <!-- SearchVehicleManually_TC009 -->
  <system-out/>
  <testcase classname="com.easyserv.testcases.Motoserve.SearchVehicleManuallyTest" name="SearchVehicleManually_TC010" time="0.000">
    <skipped/>
  </testcase> <!-- SearchVehicleManually_TC010 -->
  <system-out/>
</testsuite> <!-- com.easyserv.testcases.Motoserve.SearchVehicleManuallyTest -->
