<?xml version="1.0" encoding="UTF-8"?>
<!-- Generated by org.testng.reporters.JUnitReportReporter -->
<testsuite hostname="DESKTOP-GFKKN7N" failures="0" tests="8" name="com.easyserv.testcases.BookingService.EnquiriesTest" time="0.000" errors="0" timestamp="2024-08-22T10:04:04 ICT" skipped="8">
  <testcase classname="com.easyserv.testcases.BookingService.EnquiriesTest" name="EnquiriesTest_TC001" time="0.000">
    <skipped/>
  </testcase> <!-- EnquiriesTest_TC001 -->
  <system-out/>
  <testcase classname="com.easyserv.testcases.BookingService.EnquiriesTest" name="EnquiriesTest_TC002" time="0.000">
    <skipped/>
  </testcase> <!-- EnquiriesTest_TC002 -->
  <system-out/>
  <testcase classname="com.easyserv.testcases.BookingService.EnquiriesTest" name="EnquiriesTest_TC002" time="0.000">
    <skipped/>
  </testcase> <!-- EnquiriesTest_TC002 -->
  <system-out/>
  <testcase classname="com.easyserv.testcases.BookingService.EnquiriesTest" name="EnquiriesTest_TC003" time="0.000">
    <skipped/>
  </testcase> <!-- EnquiriesTest_TC003 -->
  <system-out/>
  <testcase classname="com.easyserv.testcases.BookingService.EnquiriesTest" name="EnquiriesTest_TC003" time="0.000">
    <skipped/>
  </testcase> <!-- EnquiriesTest_TC003 -->
  <system-out/>
  <testcase classname="com.easyserv.testcases.BookingService.EnquiriesTest" name="EnquiriesTest_TC004" time="0.000">
    <skipped/>
  </testcase> <!-- EnquiriesTest_TC004 -->
  <system-out/>
  <testcase classname="com.easyserv.testcases.BookingService.EnquiriesTest" name="EnquiriesTest_TC005" time="0.000">
    <skipped/>
  </testcase> <!-- EnquiriesTest_TC005 -->
  <system-out/>
  <testcase classname="com.easyserv.testcases.BookingService.EnquiriesTest" name="EnquiriesTest_TC006" time="0.000">
    <skipped/>
  </testcase> <!-- EnquiriesTest_TC006 -->
  <system-out/>
</testsuite> <!-- com.easyserv.testcases.BookingService.EnquiriesTest -->
