<?xml version="1.0" encoding="UTF-8"?>
<!-- Generated by org.testng.reporters.JUnitReportReporter -->
<testsuite hostname="DESKTOP-GFKKN7N" failures="0" tests="37" name="com.easyserv.testcases.Motoserve.EnquiriesTest" time="177.424" errors="0" timestamp="2024-08-23T14:24:12 ICT" skipped="0">
  <testcase classname="com.easyserv.testcases.Motoserve.EnquiriesTest" name="EnquiriesTest_TC001" time="4.004"/>
  <system-out/>
  <testcase classname="com.easyserv.testcases.Motoserve.EnquiriesTest" name="EnquiriesTest_TC002" time="4.652"/>
  <system-out/>
  <testcase classname="com.easyserv.testcases.Motoserve.EnquiriesTest" name="EnquiriesTest_TC003" time="3.843"/>
  <system-out/>
  <testcase classname="com.easyserv.testcases.Motoserve.EnquiriesTest" name="EnquiriesTest_TC004" time="3.938"/>
  <system-out/>
  <testcase classname="com.easyserv.testcases.Motoserve.EnquiriesTest" name="EnquiriesTest_TC005" time="4.726"/>
  <system-out/>
  <testcase classname="com.easyserv.testcases.Motoserve.EnquiriesTest" name="EnquiriesTest_TC006" time="6.829"/>
  <system-out/>
  <testcase classname="com.easyserv.testcases.Motoserve.EnquiriesTest" name="EnquiriesTest_TC007" time="8.088"/>
  <system-out/>
  <testcase classname="com.easyserv.testcases.Motoserve.EnquiriesTest" name="EnquiriesTest_TC007" time="7.668"/>
  <system-out/>
  <testcase classname="com.easyserv.testcases.Motoserve.EnquiriesTest" name="EnquiriesTest_TC007" time="8.116"/>
  <system-out/>
  <testcase classname="com.easyserv.testcases.Motoserve.EnquiriesTest" name="EnquiriesTest_TC007" time="7.636"/>
  <system-out/>
  <testcase classname="com.easyserv.testcases.Motoserve.EnquiriesTest" name="EnquiriesTest_TC007" time="7.470"/>
  <system-out/>
  <testcase classname="com.easyserv.testcases.Motoserve.EnquiriesTest" name="EnquiriesTest_TC008" time="6.160"/>
  <system-out/>
  <testcase classname="com.easyserv.testcases.Motoserve.EnquiriesTest" name="EnquiriesTest_TC009" time="6.662"/>
  <system-out/>
  <testcase classname="com.easyserv.testcases.Motoserve.EnquiriesTest" name="EnquiriesTest_TC010" time="6.684"/>
  <system-out/>
  <testcase classname="com.easyserv.testcases.Motoserve.EnquiriesTest" name="EnquiriesTest_TC011" time="6.759"/>
  <system-out/>
  <testcase classname="com.easyserv.testcases.Motoserve.EnquiriesTest" name="EnquiriesTest_TC012" time="5.357"/>
  <system-out/>
  <testcase classname="com.easyserv.testcases.Motoserve.EnquiriesTest" name="EnquiriesTest_TC013" time="4.293"/>
  <system-out/>
  <testcase classname="com.easyserv.testcases.Motoserve.EnquiriesTest" name="EnquiriesTest_TC014" time="3.591"/>
  <system-out/>
  <testcase classname="com.easyserv.testcases.Motoserve.EnquiriesTest" name="EnquiriesTest_TC015" time="3.369"/>
  <system-out/>
  <testcase classname="com.easyserv.testcases.Motoserve.EnquiriesTest" name="EnquiriesTest_TC016" time="3.647"/>
  <system-out/>
  <testcase classname="com.easyserv.testcases.Motoserve.EnquiriesTest" name="EnquiriesTest_TC017" time="3.378"/>
  <system-out/>
  <testcase classname="com.easyserv.testcases.Motoserve.EnquiriesTest" name="EnquiriesTest_TC017" time="3.863"/>
  <system-out/>
  <testcase classname="com.easyserv.testcases.Motoserve.EnquiriesTest" name="EnquiriesTest_TC017" time="3.527"/>
  <system-out/>
  <testcase classname="com.easyserv.testcases.Motoserve.EnquiriesTest" name="EnquiriesTest_TC017" time="3.177"/>
  <system-out/>
  <testcase classname="com.easyserv.testcases.Motoserve.EnquiriesTest" name="EnquiriesTest_TC017" time="3.304"/>
  <system-out/>
  <testcase classname="com.easyserv.testcases.Motoserve.EnquiriesTest" name="EnquiriesTest_TC017" time="3.255"/>
  <system-out/>
  <testcase classname="com.easyserv.testcases.Motoserve.EnquiriesTest" name="EnquiriesTest_TC017" time="2.673"/>
  <system-out/>
  <testcase classname="com.easyserv.testcases.Motoserve.EnquiriesTest" name="EnquiriesTest_TC017" time="3.345"/>
  <system-out/>
  <testcase classname="com.easyserv.testcases.Motoserve.EnquiriesTest" name="EnquiriesTest_TC017" time="3.114"/>
  <system-out/>
  <testcase classname="com.easyserv.testcases.Motoserve.EnquiriesTest" name="EnquiriesTest_TC017" time="3.564"/>
  <system-out/>
  <testcase classname="com.easyserv.testcases.Motoserve.EnquiriesTest" name="EnquiriesTest_TC018" time="4.745"/>
  <system-out/>
  <testcase classname="com.easyserv.testcases.Motoserve.EnquiriesTest" name="EnquiriesTest_TC018" time="4.735"/>
  <system-out/>
  <testcase classname="com.easyserv.testcases.Motoserve.EnquiriesTest" name="EnquiriesTest_TC018" time="4.366"/>
  <system-out/>
  <testcase classname="com.easyserv.testcases.Motoserve.EnquiriesTest" name="EnquiriesTest_TC018" time="4.437"/>
  <system-out/>
  <testcase classname="com.easyserv.testcases.Motoserve.EnquiriesTest" name="EnquiriesTest_TC018" time="5.034"/>
  <system-out/>
  <testcase classname="com.easyserv.testcases.Motoserve.EnquiriesTest" name="EnquiriesTest_TC018" time="4.034"/>
  <system-out/>
  <testcase classname="com.easyserv.testcases.Motoserve.EnquiriesTest" name="EnquiriesTest_TC019" time="3.381"/>
  <system-out/>
</testsuite> <!-- com.easyserv.testcases.Motoserve.EnquiriesTest -->
