<?xml version="1.0" encoding="UTF-8"?>
<!-- Generated by org.testng.reporters.JUnitReportReporter -->
<testsuite hostname="DESKTOP-GFKKN7N" failures="0" tests="11" name="com.easyserv.testcases.Admin.LoginAdminTest" time="0.000" errors="0" timestamp="2024-08-22T10:04:04 ICT" skipped="11">
  <testcase classname="com.easyserv.testcases.Admin.LoginAdminTest" name="LoginAdminTest_TC001" time="0.000">
    <skipped/>
  </testcase> <!-- LoginAdminTest_TC001 -->
  <system-out/>
  <testcase classname="com.easyserv.testcases.Admin.LoginAdminTest" name="LoginAdminTest_TC002" time="0.000">
    <skipped/>
  </testcase> <!-- LoginAdminTest_TC002 -->
  <system-out/>
  <testcase classname="com.easyserv.testcases.Admin.LoginAdminTest" name="LoginAdminTest_TC003" time="0.000">
    <skipped/>
  </testcase> <!-- LoginAdminTest_TC003 -->
  <system-out/>
  <testcase classname="com.easyserv.testcases.Admin.LoginAdminTest" name="LoginAdminTest_TC004" time="0.000">
    <skipped/>
  </testcase> <!-- LoginAdminTest_TC004 -->
  <system-out/>
  <testcase classname="com.easyserv.testcases.Admin.LoginAdminTest" name="LoginAdminTest_TC005" time="0.000">
    <skipped/>
  </testcase> <!-- LoginAdminTest_TC005 -->
  <system-out/>
  <testcase classname="com.easyserv.testcases.Admin.LoginAdminTest" name="LoginAdminTest_TC006" time="0.000">
    <skipped/>
  </testcase> <!-- LoginAdminTest_TC006 -->
  <system-out/>
  <testcase classname="com.easyserv.testcases.Admin.LoginAdminTest" name="LoginAdminTest_TC007" time="0.000">
    <skipped/>
  </testcase> <!-- LoginAdminTest_TC007 -->
  <system-out/>
  <testcase classname="com.easyserv.testcases.Admin.LoginAdminTest" name="LoginAdminTest_TC008" time="0.000">
    <skipped/>
  </testcase> <!-- LoginAdminTest_TC008 -->
  <system-out/>
  <testcase classname="com.easyserv.testcases.Admin.LoginAdminTest" name="LoginAdminTest_TC009" time="0.000">
    <skipped/>
  </testcase> <!-- LoginAdminTest_TC009 -->
  <system-out/>
  <testcase classname="com.easyserv.testcases.Admin.LoginAdminTest" name="LoginAdminTest_TC010" time="0.000">
    <skipped/>
  </testcase> <!-- LoginAdminTest_TC010 -->
  <system-out/>
  <testcase classname="com.easyserv.testcases.Admin.LoginAdminTest" name="LoginAdminTest_TC011" time="0.000">
    <skipped/>
  </testcase> <!-- LoginAdminTest_TC011 -->
  <system-out/>
</testsuite> <!-- com.easyserv.testcases.Admin.LoginAdminTest -->
