<?xml version="1.0" encoding="UTF-8"?>
<!-- Generated by org.testng.reporters.JUnitReportReporter -->
<testsuite hostname="DESKTOP-GFKKN7N" failures="0" tests="24" name="com.easyserv.testcases.Motoserve.SignUpTest" time="0.000" errors="0" timestamp="2024-08-22T10:04:04 ICT" skipped="24">
  <testcase classname="com.easyserv.testcases.Motoserve.SignUpTest" name="SignUpTest_TC001" time="0.000">
    <skipped/>
  </testcase> <!-- SignUpTest_TC001 -->
  <system-out/>
  <testcase classname="com.easyserv.testcases.Motoserve.SignUpTest" name="SignUpTest_TC002" time="0.000">
    <skipped/>
  </testcase> <!-- SignUpTest_TC002 -->
  <system-out/>
  <testcase classname="com.easyserv.testcases.Motoserve.SignUpTest" name="SignUpTest_TC003" time="0.000">
    <skipped/>
  </testcase> <!-- SignUpTest_TC003 -->
  <system-out/>
  <testcase classname="com.easyserv.testcases.Motoserve.SignUpTest" name="SignUpTest_TC004" time="0.000">
    <skipped/>
  </testcase> <!-- SignUpTest_TC004 -->
  <system-out/>
  <testcase classname="com.easyserv.testcases.Motoserve.SignUpTest" name="SignUpTest_TC005" time="0.000">
    <skipped/>
  </testcase> <!-- SignUpTest_TC005 -->
  <system-out/>
  <testcase classname="com.easyserv.testcases.Motoserve.SignUpTest" name="SignUpTest_TC006" time="0.000">
    <skipped/>
  </testcase> <!-- SignUpTest_TC006 -->
  <system-out/>
  <testcase classname="com.easyserv.testcases.Motoserve.SignUpTest" name="SignUpTest_TC007" time="0.000">
    <skipped/>
  </testcase> <!-- SignUpTest_TC007 -->
  <system-out/>
  <testcase classname="com.easyserv.testcases.Motoserve.SignUpTest" name="SignUpTest_TC008" time="0.000">
    <skipped/>
  </testcase> <!-- SignUpTest_TC008 -->
  <system-out/>
  <testcase classname="com.easyserv.testcases.Motoserve.SignUpTest" name="SignUpTest_TC009" time="0.000">
    <skipped/>
  </testcase> <!-- SignUpTest_TC009 -->
  <system-out/>
  <testcase classname="com.easyserv.testcases.Motoserve.SignUpTest" name="SignUpTest_TC010" time="0.000">
    <skipped/>
  </testcase> <!-- SignUpTest_TC010 -->
  <system-out/>
  <testcase classname="com.easyserv.testcases.Motoserve.SignUpTest" name="SignUpTest_TC011" time="0.000">
    <skipped/>
  </testcase> <!-- SignUpTest_TC011 -->
  <system-out/>
  <testcase classname="com.easyserv.testcases.Motoserve.SignUpTest" name="SignUpTest_TC012" time="0.000">
    <skipped/>
  </testcase> <!-- SignUpTest_TC012 -->
  <system-out/>
  <testcase classname="com.easyserv.testcases.Motoserve.SignUpTest" name="SignUpTest_TC013" time="0.000">
    <skipped/>
  </testcase> <!-- SignUpTest_TC013 -->
  <system-out/>
  <testcase classname="com.easyserv.testcases.Motoserve.SignUpTest" name="SignUpTest_TC014" time="0.000">
    <skipped/>
  </testcase> <!-- SignUpTest_TC014 -->
  <system-out/>
  <testcase classname="com.easyserv.testcases.Motoserve.SignUpTest" name="SignUpTest_TC015" time="0.000">
    <skipped/>
  </testcase> <!-- SignUpTest_TC015 -->
  <system-out/>
  <testcase classname="com.easyserv.testcases.Motoserve.SignUpTest" name="SignUpTest_TC016" time="0.000">
    <skipped/>
  </testcase> <!-- SignUpTest_TC016 -->
  <system-out/>
  <testcase classname="com.easyserv.testcases.Motoserve.SignUpTest" name="SignUpTest_TC017" time="0.000">
    <skipped/>
  </testcase> <!-- SignUpTest_TC017 -->
  <system-out/>
  <testcase classname="com.easyserv.testcases.Motoserve.SignUpTest" name="SignUpTest_TC018" time="0.000">
    <skipped/>
  </testcase> <!-- SignUpTest_TC018 -->
  <system-out/>
  <testcase classname="com.easyserv.testcases.Motoserve.SignUpTest" name="SignUpTest_TC019" time="0.000">
    <skipped/>
  </testcase> <!-- SignUpTest_TC019 -->
  <system-out/>
  <testcase classname="com.easyserv.testcases.Motoserve.SignUpTest" name="SignUpTest_TC019" time="0.000">
    <skipped/>
  </testcase> <!-- SignUpTest_TC019 -->
  <system-out/>
  <testcase classname="com.easyserv.testcases.Motoserve.SignUpTest" name="SignUpTest_TC019" time="0.000">
    <skipped/>
  </testcase> <!-- SignUpTest_TC019 -->
  <system-out/>
  <testcase classname="com.easyserv.testcases.Motoserve.SignUpTest" name="SignUpTest_TC019" time="0.000">
    <skipped/>
  </testcase> <!-- SignUpTest_TC019 -->
  <system-out/>
  <testcase classname="com.easyserv.testcases.Motoserve.SignUpTest" name="SignUpTest_TC019" time="0.000">
    <skipped/>
  </testcase> <!-- SignUpTest_TC019 -->
  <system-out/>
  <testcase classname="com.easyserv.testcases.Motoserve.SignUpTest" name="SignUpTest_TC019" time="0.000">
    <skipped/>
  </testcase> <!-- SignUpTest_TC019 -->
  <system-out/>
</testsuite> <!-- com.easyserv.testcases.Motoserve.SignUpTest -->
