<?xml version="1.0" encoding="UTF-8"?>
<!-- Generated by org.testng.reporters.JUnitReportReporter -->
<testsuite hostname="DESKTOP-GFKKN7N" failures="0" tests="40" name="com.easyserv.testcases.Motoserve.MyProfileTest" time="0.000" errors="0" timestamp="2024-08-22T10:04:04 ICT" skipped="40">
  <testcase classname="com.easyserv.testcases.Motoserve.MyProfileTest" name="MyProfileTest_TC001" time="0.000">
    <skipped/>
  </testcase> <!-- MyProfileTest_TC001 -->
  <system-out/>
  <testcase classname="com.easyserv.testcases.Motoserve.MyProfileTest" name="MyProfileTest_TC002" time="0.000">
    <skipped/>
  </testcase> <!-- MyProfileTest_TC002 -->
  <system-out/>
  <testcase classname="com.easyserv.testcases.Motoserve.MyProfileTest" name="MyProfileTest_TC003" time="0.000">
    <skipped/>
  </testcase> <!-- MyProfileTest_TC003 -->
  <system-out/>
  <testcase classname="com.easyserv.testcases.Motoserve.MyProfileTest" name="MyProfileTest_TC004" time="0.000">
    <skipped/>
  </testcase> <!-- MyProfileTest_TC004 -->
  <system-out/>
  <testcase classname="com.easyserv.testcases.Motoserve.MyProfileTest" name="MyProfileTest_TC005" time="0.000">
    <skipped/>
  </testcase> <!-- MyProfileTest_TC005 -->
  <system-out/>
  <testcase classname="com.easyserv.testcases.Motoserve.MyProfileTest" name="MyProfileTest_TC006" time="0.000">
    <skipped/>
  </testcase> <!-- MyProfileTest_TC006 -->
  <system-out/>
  <testcase classname="com.easyserv.testcases.Motoserve.MyProfileTest" name="MyProfileTest_TC007" time="0.000">
    <skipped/>
  </testcase> <!-- MyProfileTest_TC007 -->
  <system-out/>
  <testcase classname="com.easyserv.testcases.Motoserve.MyProfileTest" name="MyProfileTest_TC008" time="0.000">
    <skipped/>
  </testcase> <!-- MyProfileTest_TC008 -->
  <system-out/>
  <testcase classname="com.easyserv.testcases.Motoserve.MyProfileTest" name="MyProfileTest_TC009" time="0.000">
    <skipped/>
  </testcase> <!-- MyProfileTest_TC009 -->
  <system-out/>
  <testcase classname="com.easyserv.testcases.Motoserve.MyProfileTest" name="MyProfileTest_TC010" time="0.000">
    <skipped/>
  </testcase> <!-- MyProfileTest_TC010 -->
  <system-out/>
  <testcase classname="com.easyserv.testcases.Motoserve.MyProfileTest" name="MyProfileTest_TC011" time="0.000">
    <skipped/>
  </testcase> <!-- MyProfileTest_TC011 -->
  <system-out/>
  <testcase classname="com.easyserv.testcases.Motoserve.MyProfileTest" name="MyProfileTest_TC012" time="0.000">
    <skipped/>
  </testcase> <!-- MyProfileTest_TC012 -->
  <system-out/>
  <testcase classname="com.easyserv.testcases.Motoserve.MyProfileTest" name="MyProfileTest_TC013" time="0.000">
    <skipped/>
  </testcase> <!-- MyProfileTest_TC013 -->
  <system-out/>
  <testcase classname="com.easyserv.testcases.Motoserve.MyProfileTest" name="MyProfileTest_TC014" time="0.000">
    <skipped/>
  </testcase> <!-- MyProfileTest_TC014 -->
  <system-out/>
  <testcase classname="com.easyserv.testcases.Motoserve.MyProfileTest" name="MyProfileTest_TC015" time="0.000">
    <skipped/>
  </testcase> <!-- MyProfileTest_TC015 -->
  <system-out/>
  <testcase classname="com.easyserv.testcases.Motoserve.MyProfileTest" name="MyProfileTest_TC016" time="0.000">
    <skipped/>
  </testcase> <!-- MyProfileTest_TC016 -->
  <system-out/>
  <testcase classname="com.easyserv.testcases.Motoserve.MyProfileTest" name="MyProfileTest_TC017" time="0.000">
    <skipped/>
  </testcase> <!-- MyProfileTest_TC017 -->
  <system-out/>
  <testcase classname="com.easyserv.testcases.Motoserve.MyProfileTest" name="MyProfileTest_TC018" time="0.000">
    <skipped/>
  </testcase> <!-- MyProfileTest_TC018 -->
  <system-out/>
  <testcase classname="com.easyserv.testcases.Motoserve.MyProfileTest" name="MyProfileTest_TC019" time="0.000">
    <skipped/>
  </testcase> <!-- MyProfileTest_TC019 -->
  <system-out/>
  <testcase classname="com.easyserv.testcases.Motoserve.MyProfileTest" name="MyProfileTest_TC020" time="0.000">
    <skipped/>
  </testcase> <!-- MyProfileTest_TC020 -->
  <system-out/>
  <testcase classname="com.easyserv.testcases.Motoserve.MyProfileTest" name="MyProfileTest_TC021" time="0.000">
    <skipped/>
  </testcase> <!-- MyProfileTest_TC021 -->
  <system-out/>
  <testcase classname="com.easyserv.testcases.Motoserve.MyProfileTest" name="MyProfileTest_TC022" time="0.000">
    <skipped/>
  </testcase> <!-- MyProfileTest_TC022 -->
  <system-out/>
  <testcase classname="com.easyserv.testcases.Motoserve.MyProfileTest" name="MyProfileTest_TC023" time="0.000">
    <skipped/>
  </testcase> <!-- MyProfileTest_TC023 -->
  <system-out/>
  <testcase classname="com.easyserv.testcases.Motoserve.MyProfileTest" name="MyProfileTest_TC024" time="0.000">
    <skipped/>
  </testcase> <!-- MyProfileTest_TC024 -->
  <system-out/>
  <testcase classname="com.easyserv.testcases.Motoserve.MyProfileTest" name="MyProfileTest_TC025" time="0.000">
    <skipped/>
  </testcase> <!-- MyProfileTest_TC025 -->
  <system-out/>
  <testcase classname="com.easyserv.testcases.Motoserve.MyProfileTest" name="MyProfileTest_TC026" time="0.000">
    <skipped/>
  </testcase> <!-- MyProfileTest_TC026 -->
  <system-out/>
  <testcase classname="com.easyserv.testcases.Motoserve.MyProfileTest" name="MyProfileTest_TC026" time="0.000">
    <skipped/>
  </testcase> <!-- MyProfileTest_TC026 -->
  <system-out/>
  <testcase classname="com.easyserv.testcases.Motoserve.MyProfileTest" name="MyProfileTest_TC026" time="0.000">
    <skipped/>
  </testcase> <!-- MyProfileTest_TC026 -->
  <system-out/>
  <testcase classname="com.easyserv.testcases.Motoserve.MyProfileTest" name="MyProfileTest_TC026" time="0.000">
    <skipped/>
  </testcase> <!-- MyProfileTest_TC026 -->
  <system-out/>
  <testcase classname="com.easyserv.testcases.Motoserve.MyProfileTest" name="MyProfileTest_TC026" time="0.000">
    <skipped/>
  </testcase> <!-- MyProfileTest_TC026 -->
  <system-out/>
  <testcase classname="com.easyserv.testcases.Motoserve.MyProfileTest" name="MyProfileTest_TC026" time="0.000">
    <skipped/>
  </testcase> <!-- MyProfileTest_TC026 -->
  <system-out/>
  <testcase classname="com.easyserv.testcases.Motoserve.MyProfileTest" name="MyProfileTest_TC027" time="0.000">
    <skipped/>
  </testcase> <!-- MyProfileTest_TC027 -->
  <system-out/>
  <testcase classname="com.easyserv.testcases.Motoserve.MyProfileTest" name="MyProfileTest_TC028" time="0.000">
    <skipped/>
  </testcase> <!-- MyProfileTest_TC028 -->
  <system-out/>
  <testcase classname="com.easyserv.testcases.Motoserve.MyProfileTest" name="MyProfileTest_TC029" time="0.000">
    <skipped/>
  </testcase> <!-- MyProfileTest_TC029 -->
  <system-out/>
  <testcase classname="com.easyserv.testcases.Motoserve.MyProfileTest" name="MyProfileTest_TC030" time="0.000">
    <skipped/>
  </testcase> <!-- MyProfileTest_TC030 -->
  <system-out/>
  <testcase classname="com.easyserv.testcases.Motoserve.MyProfileTest" name="MyProfileTest_TC031" time="0.000">
    <skipped/>
  </testcase> <!-- MyProfileTest_TC031 -->
  <system-out/>
  <testcase classname="com.easyserv.testcases.Motoserve.MyProfileTest" name="MyProfileTest_TC032" time="0.000">
    <skipped/>
  </testcase> <!-- MyProfileTest_TC032 -->
  <system-out/>
  <testcase classname="com.easyserv.testcases.Motoserve.MyProfileTest" name="MyProfileTest_TC033" time="0.000">
    <skipped/>
  </testcase> <!-- MyProfileTest_TC033 -->
  <system-out/>
  <testcase classname="com.easyserv.testcases.Motoserve.MyProfileTest" name="MyProfileTest_TC034" time="0.000">
    <skipped/>
  </testcase> <!-- MyProfileTest_TC034 -->
  <system-out/>
  <testcase classname="com.easyserv.testcases.Motoserve.MyProfileTest" name="MyProfileTest_TC035" time="0.000">
    <skipped/>
  </testcase> <!-- MyProfileTest_TC035 -->
  <system-out/>
</testsuite> <!-- com.easyserv.testcases.Motoserve.MyProfileTest -->
